<?xml version="1.0" encoding="UTF-8"?>
<testsuite xmlns:xsi="http://www.w3.org/2001/XMLSchema-instance" xsi:schemaLocation="https://maven.apache.org/surefire/maven-surefire-plugin/xsd/surefire-test-report.xsd" name="CucumberTestSuite" time="31.755" tests="7" errors="0" skipped="0" failures="0">
  <properties>
[...]
</properties>
  <testcase name="new user on the home page" classname="As a new user, i have be able to create new account using existing account" time="12.391"/>
  <testcase name="new user click login page" classname="As a new user, i have be able to create new account using existing account" time="0.127"/>
  <testcase name="login page" classname="As a new user, i have be able to create new account using existing account" time="11.877"/>
  <testcase name="user click register link" classname="As a new user, i have be able to create new account using existing account" time="1.034"/>
  <testcase name="user click register button" classname="As a new user, i have be able to create new account using existing account" time="1.649"/>
  <testcase name="user get error message &quot;Gagal :(&quot;" classname="As a new user, i have be able to create new account using existing account" time="1.171"/>
  <testcase name="As a new user, i have be able to create new account using existing account" classname="As a new user, i have be able to create new account using existing account" time="1.185"/>
</testsuite>