# JRE version: Java(TM) SE Runtime Environment (19.0.2+7) (build 19.0.2+7-44)
# Java VM: Java HotSpot(TM) 64-Bit Server VM (19.0.2+7-44, mixed mode, sharing, tiered, compressed oops, compressed class ptrs, g1 gc, windows-amd64)
GC Precious Log:
 CardTable entry size: 512
 Card Set container configuration: InlinePtr #cards 4 size 8 Array Of Cards #cards 16 size 48 Howl #buckets 8 coarsen threshold 3686 Howl Bitmap #cards 512 size 80 coarsen threshold 460 Card regions per heap region 1 cards per card region 4096
 CPUs: 4 total, 4 available
 Memory: 16311M
 Large Page Support: Disabled
 NUMA Support: Disabled
 Compressed Oops: Enabled (Zero based)
 Heap Region Size: 2M
 Heap Min Capacity: 8M
 Heap Initial Capacity: 256M
 Heap Max Capacity: 4078M
 Pre-touch: Disabled
 Parallel Workers: 4
 Concurrent Workers: 1
 Concurrent Refinement Workers: 4
 Periodic GC: Disabled
Heap:
 garbage-first heap   total 176128K, used 82482K [0x0000000701200000, 0x0000000800000000)
  region size 2048K, 5 young (10240K), 2 survivors (4096K)
 Metaspace       used 44528K, committed 44992K, reserved 1114112K
  class space    used 4917K, committed 5120K, reserved 1048576K
GC Heap History (20 events):
Event: 7.199 GC heap before
{Heap before GC invocations=10 (full 0):
 garbage-first heap   total 92160K, used 62446K [0x0000000701200000, 0x0000000800000000)
  region size 2048K, 10 young (20480K), 2 survivors (4096K)
 Metaspace       used 27405K, committed 27776K, reserved 1114112K
  class space    used 2987K, committed 3200K, reserved 1048576K
}
Event: 7.204 GC heap after
{Heap after GC invocations=11 (full 0):
 garbage-first heap   total 92160K, used 52469K [0x0000000701200000, 0x0000000800000000)
  region size 2048K, 2 young (4096K), 2 survivors (4096K)
 Metaspace       used 27405K, committed 27776K, reserved 1114112K
  class space    used 2987K, committed 3200K, reserved 1048576K
}
Event: 7.316 GC heap before
{Heap before GC invocations=12 (full 0):
 garbage-first heap   total 100352K, used 64757K [0x0000000701200000, 0x0000000800000000)
  region size 2048K, 8 young (16384K), 2 survivors (4096K)
 Metaspace       used 27408K, committed 27776K, reserved 1114112K
  class space    used 2988K, committed 3200K, reserved 1048576K
}
Event: 7.321 GC heap after
{Heap after GC invocations=13 (full 0):
 garbage-first heap   total 100352K, used 56731K [0x0000000701200000, 0x0000000800000000)
  region size 2048K, 1 young (2048K), 1 survivors (2048K)
 Metaspace       used 27408K, committed 27776K, reserved 1114112K
  class space    used 2988K, committed 3200K, reserved 1048576K
}
Event: 7.340 GC heap before
{Heap before GC invocations=13 (full 0):
 garbage-first heap   total 100352K, used 58779K [0x0000000701200000, 0x0000000800000000)
  region size 2048K, 2 young (4096K), 1 survivors (2048K)
 Metaspace       used 27408K, committed 27776K, reserved 1114112K
  class space    used 2988K, committed 3200K, reserved 1048576K
}
Event: 7.343 GC heap after
{Heap after GC invocations=14 (full 0):
 garbage-first heap   total 100352K, used 57411K [0x0000000701200000, 0x0000000800000000)
  region size 2048K, 1 young (2048K), 1 survivors (2048K)
 Metaspace       used 27408K, committed 27776K, reserved 1114112K
  class space    used 2988K, committed 3200K, reserved 1048576K
}
Event: 7.548 GC heap before
{Heap before GC invocations=14 (full 0):
 garbage-first heap   total 100352K, used 69699K [0x0000000701200000, 0x0000000800000000)
  region size 2048K, 8 young (16384K), 1 survivors (2048K)
 Metaspace       used 27492K, committed 27904K, reserved 1114112K
  class space    used 2990K, committed 3200K, reserved 1048576K
}
Event: 7.553 GC heap after
{Heap after GC invocations=15 (full 0):
 garbage-first heap   total 100352K, used 61274K [0x0000000701200000, 0x0000000800000000)
  region size 2048K, 1 young (2048K), 1 survivors (2048K)
 Metaspace       used 27492K, committed 27904K, reserved 1114112K
  class space    used 2990K, committed 3200K, reserved 1048576K
}
Event: 7.972 GC heap before
{Heap before GC invocations=16 (full 0):
 garbage-first heap   total 106496K, used 71514K [0x0000000701200000, 0x0000000800000000)
  region size 2048K, 7 young (14336K), 1 survivors (2048K)
 Metaspace       used 28295K, committed 28672K, reserved 1114112K
  class space    used 3076K, committed 3264K, reserved 1048576K
}
Event: 7.976 GC heap after
{Heap after GC invocations=17 (full 0):
 garbage-first heap   total 106496K, used 62699K [0x0000000701200000, 0x0000000800000000)
  region size 2048K, 1 young (2048K), 1 survivors (2048K)
 Metaspace       used 28295K, committed 28672K, reserved 1114112K
  class space    used 3076K, committed 3264K, reserved 1048576K
}
Event: 7.991 GC heap before
{Heap before GC invocations=17 (full 0):
 garbage-first heap   total 106496K, used 64747K [0x0000000701200000, 0x0000000800000000)
  region size 2048K, 2 young (4096K), 1 survivors (2048K)
 Metaspace       used 28355K, committed 28736K, reserved 1114112K
  class space    used 3091K, committed 3264K, reserved 1048576K
}
Event: 7.995 GC heap after
{Heap after GC invocations=18 (full 0):
 garbage-first heap   total 176128K, used 60472K [0x0000000701200000, 0x0000000800000000)
  region size 2048K, 1 young (2048K), 1 survivors (2048K)
 Metaspace       used 28355K, committed 28736K, reserved 1114112K
  class space    used 3091K, committed 3264K, reserved 1048576K
}
Event: 8.814 GC heap before
{Heap before GC invocations=18 (full 0):
 garbage-first heap   total 176128K, used 107576K [0x0000000701200000, 0x0000000800000000)
  region size 2048K, 25 young (51200K), 1 survivors (2048K)
 Metaspace       used 30700K, committed 31104K, reserved 1114112K
  class space    used 3315K, committed 3520K, reserved 1048576K
}
Event: 8.818 GC heap after
{Heap after GC invocations=19 (full 0):
 garbage-first heap   total 176128K, used 63437K [0x0000000701200000, 0x0000000800000000)
  region size 2048K, 2 young (4096K), 2 survivors (4096K)
 Metaspace       used 30700K, committed 31104K, reserved 1114112K
  class space    used 3315K, committed 3520K, reserved 1048576K
}
Event: 30.778 GC heap before
{Heap before GC invocations=19 (full 0):
 garbage-first heap   total 176128K, used 147405K [0x0000000701200000, 0x0000000800000000)
  region size 2048K, 27 young (55296K), 2 survivors (4096K)
 Metaspace       used 34713K, committed 35200K, reserved 1114112K
  class space    used 3791K, committed 4032K, reserved 1048576K
}
Event: 30.782 GC heap after
{Heap after GC invocations=20 (full 0):
 garbage-first heap   total 176128K, used 66392K [0x0000000701200000, 0x0000000800000000)
  region size 2048K, 3 young (6144K), 3 survivors (6144K)
 Metaspace       used 34713K, committed 35200K, reserved 1114112K
  class space    used 3791K, committed 4032K, reserved 1048576K
}
Event: 32.135 GC heap before
{Heap before GC invocations=20 (full 0):
 garbage-first heap   total 176128K, used 119640K [0x0000000701200000, 0x0000000800000000)
  region size 2048K, 30 young (61440K), 3 survivors (6144K)
 Metaspace       used 34795K, committed 35328K, reserved 1114112K
  class space    used 3797K, committed 4032K, reserved 1048576K
}
Event: 32.140 GC heap after
{Heap after GC invocations=21 (full 0):
 garbage-first heap   total 176128K, used 75045K [0x0000000701200000, 0x0000000800000000)
  region size 2048K, 4 young (8192K), 4 survivors (8192K)
 Metaspace       used 34795K, committed 35328K, reserved 1114112K
  class space    used 3797K, committed 4032K, reserved 1048576K
}
Event: 33.145 GC heap before
{Heap before GC invocations=21 (full 0):
 garbage-first heap   total 176128K, used 124197K [0x0000000701200000, 0x0000000800000000)
  region size 2048K, 28 young (57344K), 4 survivors (8192K)
 Metaspace       used 44055K, committed 44544K, reserved 1114112K
  class space    used 4853K, committed 5056K, reserved 1048576K
}
Event: 33.150 GC heap after
{Heap after GC invocations=22 (full 0):
 garbage-first heap   total 176128K, used 78386K [0x0000000701200000, 0x0000000800000000)
  region size 2048K, 2 young (4096K), 2 survivors (4096K)
 Metaspace       used 44055K, committed 44544K, reserved 1114112K
  class space    used 4853K, committed 5056K, reserved 1048576K
}

