# JRE version: Java(TM) SE Runtime Environment (19.0.2+7) (build 19.0.2+7-44)
# Java VM: Java HotSpot(TM) 64-Bit Server VM (19.0.2+7-44, mixed mode, sharing, tiered, compressed oops, compressed class ptrs, g1 gc, windows-amd64)
GC Precious Log:
 CardTable entry size: 512
 Card Set container configuration: InlinePtr #cards 4 size 8 Array Of Cards #cards 16 size 48 Howl #buckets 8 coarsen threshold 3686 Howl Bitmap #cards 512 size 80 coarsen threshold 460 Card regions per heap region 1 cards per card region 4096
 CPUs: 4 total, 4 available
 Memory: 16311M
 Large Page Support: Disabled
 NUMA Support: Disabled
 Compressed Oops: Enabled (Zero based)
 Heap Region Size: 2M
 Heap Min Capacity: 8M
 Heap Initial Capacity: 256M
 Heap Max Capacity: 4078M
 Pre-touch: Disabled
 Parallel Workers: 4
 Concurrent Workers: 1
 Concurrent Refinement Workers: 4
 Periodic GC: Disabled
Heap:
 garbage-first heap   total 192512K, used 83511K [0x0000000701200000, 0x0000000800000000)
  region size 2048K, 5 young (10240K), 2 survivors (4096K)
 Metaspace       used 48342K, committed 48768K, reserved 1114112K
  class space    used 5365K, committed 5568K, reserved 1048576K
GC Heap History (20 events):
Event: 5.868 GC heap before
{Heap before GC invocations=10 (full 0):
 garbage-first heap   total 94208K, used 69488K [0x0000000701200000, 0x0000000800000000)
  region size 2048K, 14 young (28672K), 3 survivors (6144K)
 Metaspace       used 27469K, committed 27840K, reserved 1114112K
  class space    used 2988K, committed 3200K, reserved 1048576K
}
Event: 5.873 GC heap after
{Heap after GC invocations=11 (full 0):
 garbage-first heap   total 94208K, used 54966K [0x0000000701200000, 0x0000000800000000)
  region size 2048K, 2 young (4096K), 2 survivors (4096K)
 Metaspace       used 27469K, committed 27840K, reserved 1114112K
  class space    used 2988K, committed 3200K, reserved 1048576K
}
Event: 6.003 GC heap before
{Heap before GC invocations=11 (full 0):
 garbage-first heap   total 94208K, used 69302K [0x0000000701200000, 0x0000000800000000)
  region size 2048K, 9 young (18432K), 2 survivors (4096K)
 Metaspace       used 27503K, committed 27840K, reserved 1114112K
  class space    used 2988K, committed 3200K, reserved 1048576K
}
Event: 6.008 GC heap after
{Heap after GC invocations=12 (full 0):
 garbage-first heap   total 94208K, used 60561K [0x0000000701200000, 0x0000000800000000)
  region size 2048K, 2 young (4096K), 2 survivors (4096K)
 Metaspace       used 27503K, committed 27840K, reserved 1114112K
  class space    used 2988K, committed 3200K, reserved 1048576K
}
Event: 6.131 GC heap before
{Heap before GC invocations=13 (full 0):
 garbage-first heap   total 112640K, used 70801K [0x0000000701200000, 0x0000000800000000)
  region size 2048K, 7 young (14336K), 2 survivors (4096K)
 Metaspace       used 27630K, committed 27968K, reserved 1114112K
  class space    used 2991K, committed 3200K, reserved 1048576K
}
Event: 6.136 GC heap after
{Heap after GC invocations=14 (full 0):
 garbage-first heap   total 112640K, used 62976K [0x0000000701200000, 0x0000000800000000)
  region size 2048K, 1 young (2048K), 1 survivors (2048K)
 Metaspace       used 27630K, committed 27968K, reserved 1114112K
  class space    used 2991K, committed 3200K, reserved 1048576K
}
Event: 6.176 GC heap before
{Heap before GC invocations=14 (full 0):
 garbage-first heap   total 112640K, used 65024K [0x0000000701200000, 0x0000000800000000)
  region size 2048K, 2 young (4096K), 1 survivors (2048K)
 Metaspace       used 27873K, committed 28224K, reserved 1114112K
  class space    used 3014K, committed 3200K, reserved 1048576K
}
Event: 6.181 GC heap after
{Heap after GC invocations=15 (full 0):
 garbage-first heap   total 112640K, used 62787K [0x0000000701200000, 0x0000000800000000)
  region size 2048K, 1 young (2048K), 1 survivors (2048K)
 Metaspace       used 27873K, committed 28224K, reserved 1114112K
  class space    used 3014K, committed 3200K, reserved 1048576K
}
Event: 6.481 GC heap before
{Heap before GC invocations=15 (full 0):
 garbage-first heap   total 112640K, used 79171K [0x0000000701200000, 0x0000000800000000)
  region size 2048K, 10 young (20480K), 1 survivors (2048K)
 Metaspace       used 28941K, committed 29312K, reserved 1114112K
  class space    used 3138K, committed 3328K, reserved 1048576K
}
Event: 6.483 GC heap after
{Heap after GC invocations=16 (full 0):
 garbage-first heap   total 192512K, used 63205K [0x0000000701200000, 0x0000000800000000)
  region size 2048K, 1 young (2048K), 1 survivors (2048K)
 Metaspace       used 28941K, committed 29312K, reserved 1114112K
  class space    used 3138K, committed 3328K, reserved 1048576K
}
Event: 7.101 GC heap before
{Heap before GC invocations=17 (full 0):
 garbage-first heap   total 192512K, used 118501K [0x0000000701200000, 0x0000000800000000)
  region size 2048K, 28 young (57344K), 1 survivors (2048K)
 Metaspace       used 31454K, committed 31872K, reserved 1114112K
  class space    used 3359K, committed 3520K, reserved 1048576K
}
Event: 7.105 GC heap after
{Heap after GC invocations=18 (full 0):
 garbage-first heap   total 192512K, used 66301K [0x0000000701200000, 0x0000000800000000)
  region size 2048K, 3 young (6144K), 3 survivors (6144K)
 Metaspace       used 31454K, committed 31872K, reserved 1114112K
  class space    used 3359K, committed 3520K, reserved 1048576K
}
Event: 7.132 GC heap before
{Heap before GC invocations=18 (full 0):
 garbage-first heap   total 192512K, used 68349K [0x0000000701200000, 0x0000000800000000)
  region size 2048K, 4 young (8192K), 3 survivors (6144K)
 Metaspace       used 31690K, committed 32128K, reserved 1114112K
  class space    used 3404K, committed 3584K, reserved 1048576K
}
Event: 7.136 GC heap after
{Heap after GC invocations=19 (full 0):
 garbage-first heap   total 192512K, used 64133K [0x0000000701200000, 0x0000000800000000)
  region size 2048K, 1 young (2048K), 1 survivors (2048K)
 Metaspace       used 31690K, committed 32128K, reserved 1114112K
  class space    used 3404K, committed 3584K, reserved 1048576K
}
Event: 58.904 GC heap before
{Heap before GC invocations=19 (full 0):
 garbage-first heap   total 192512K, used 154245K [0x0000000701200000, 0x0000000800000000)
  region size 2048K, 30 young (61440K), 1 survivors (2048K)
 Metaspace       used 35099K, committed 35584K, reserved 1114112K
  class space    used 3792K, committed 4032K, reserved 1048576K
}
Event: 58.907 GC heap after
{Heap after GC invocations=20 (full 0):
 garbage-first heap   total 192512K, used 66673K [0x0000000701200000, 0x0000000800000000)
  region size 2048K, 2 young (4096K), 2 survivors (4096K)
 Metaspace       used 35099K, committed 35584K, reserved 1114112K
  class space    used 3792K, committed 4032K, reserved 1048576K
}
Event: 59.501 GC heap before
{Heap before GC invocations=20 (full 0):
 garbage-first heap   total 192512K, used 128113K [0x0000000701200000, 0x0000000800000000)
  region size 2048K, 33 young (67584K), 2 survivors (4096K)
 Metaspace       used 39616K, committed 40128K, reserved 1114112K
  class space    used 4326K, committed 4608K, reserved 1048576K
}
Event: 59.506 GC heap after
{Heap after GC invocations=21 (full 0):
 garbage-first heap   total 192512K, used 76325K [0x0000000701200000, 0x0000000800000000)
  region size 2048K, 5 young (10240K), 5 survivors (10240K)
 Metaspace       used 39616K, committed 40128K, reserved 1114112K
  class space    used 4326K, committed 4608K, reserved 1048576K
}
Event: 60.159 GC heap before
{Heap before GC invocations=21 (full 0):
 garbage-first heap   total 192512K, used 133669K [0x0000000701200000, 0x0000000800000000)
  region size 2048K, 33 young (67584K), 5 survivors (10240K)
 Metaspace       used 47583K, committed 48128K, reserved 1114112K
  class space    used 5193K, committed 5440K, reserved 1048576K
}
Event: 60.163 GC heap after
{Heap after GC invocations=22 (full 0):
 garbage-first heap   total 192512K, used 79300K [0x0000000701200000, 0x0000000800000000)
  region size 2048K, 2 young (4096K), 2 survivors (4096K)
 Metaspace       used 47583K, committed 48128K, reserved 1114112K
  class space    used 5193K, committed 5440K, reserved 1048576K
}

