# JRE version: Java(TM) SE Runtime Environment (19.0.2+7) (build 19.0.2+7-44)
# Java VM: Java HotSpot(TM) 64-Bit Server VM (19.0.2+7-44, mixed mode, sharing, tiered, compressed oops, compressed class ptrs, g1 gc, windows-amd64)
GC Precious Log:
 CardTable entry size: 512
 Card Set container configuration: InlinePtr #cards 4 size 8 Array Of Cards #cards 16 size 48 Howl #buckets 8 coarsen threshold 3686 Howl Bitmap #cards 512 size 80 coarsen threshold 460 Card regions per heap region 1 cards per card region 4096
 CPUs: 4 total, 4 available
 Memory: 16311M
 Large Page Support: Disabled
 NUMA Support: Disabled
 Compressed Oops: Enabled (Zero based)
 Heap Region Size: 2M
 Heap Min Capacity: 8M
 Heap Initial Capacity: 256M
 Heap Max Capacity: 4078M
 Pre-touch: Disabled
 Parallel Workers: 4
 Concurrent Workers: 1
 Concurrent Refinement Workers: 4
 Periodic GC: Disabled
Heap:
 garbage-first heap   total 237568K, used 135405K [0x0000000701200000, 0x0000000800000000)
  region size 2048K, 21 young (43008K), 1 survivors (2048K)
 Metaspace       used 33740K, committed 34240K, reserved 1114112K
  class space    used 3687K, committed 3904K, reserved 1048576K
GC Heap History (20 events):
Event: 3.750 GC heap before
{Heap before GC invocations=7 (full 0):
 garbage-first heap   total 75776K, used 28211K [0x0000000701200000, 0x0000000800000000)
  region size 2048K, 4 young (8192K), 3 survivors (6144K)
 Metaspace       used 27158K, committed 27584K, reserved 1114112K
  class space    used 2981K, committed 3200K, reserved 1048576K
}
Event: 3.756 GC heap after
{Heap after GC invocations=8 (full 0):
 garbage-first heap   total 75776K, used 26955K [0x0000000701200000, 0x0000000800000000)
  region size 2048K, 1 young (2048K), 1 survivors (2048K)
 Metaspace       used 27158K, committed 27584K, reserved 1114112K
  class space    used 2981K, committed 3200K, reserved 1048576K
}
Event: 4.039 GC heap before
{Heap before GC invocations=8 (full 0):
 garbage-first heap   total 75776K, used 51531K [0x0000000701200000, 0x0000000800000000)
  region size 2048K, 14 young (28672K), 1 survivors (2048K)
 Metaspace       used 27261K, committed 27712K, reserved 1114112K
  class space    used 2982K, committed 3200K, reserved 1048576K
}
Event: 4.042 GC heap after
{Heap after GC invocations=9 (full 0):
 garbage-first heap   total 75776K, used 36079K [0x0000000701200000, 0x0000000800000000)
  region size 2048K, 2 young (4096K), 2 survivors (4096K)
 Metaspace       used 27261K, committed 27712K, reserved 1114112K
  class space    used 2982K, committed 3200K, reserved 1048576K
}
Event: 4.154 GC heap before
{Heap before GC invocations=9 (full 0):
 garbage-first heap   total 75776K, used 52463K [0x0000000701200000, 0x0000000800000000)
  region size 2048K, 10 young (20480K), 2 survivors (4096K)
 Metaspace       used 27311K, committed 27712K, reserved 1114112K
  class space    used 2986K, committed 3200K, reserved 1048576K
}
Event: 4.159 GC heap after
{Heap after GC invocations=10 (full 0):
 garbage-first heap   total 75776K, used 43841K [0x0000000701200000, 0x0000000800000000)
  region size 2048K, 2 young (4096K), 2 survivors (4096K)
 Metaspace       used 27311K, committed 27712K, reserved 1114112K
  class space    used 2986K, committed 3200K, reserved 1048576K
}
Event: 4.209 GC heap before
{Heap before GC invocations=10 (full 0):
 garbage-first heap   total 75776K, used 52033K [0x0000000701200000, 0x0000000800000000)
  region size 2048K, 6 young (12288K), 2 survivors (4096K)
 Metaspace       used 27317K, committed 27712K, reserved 1114112K
  class space    used 2987K, committed 3200K, reserved 1048576K
}
Event: 4.213 GC heap after
{Heap after GC invocations=11 (full 0):
 garbage-first heap   total 118784K, used 46478K [0x0000000701200000, 0x0000000800000000)
  region size 2048K, 1 young (2048K), 1 survivors (2048K)
 Metaspace       used 27317K, committed 27712K, reserved 1114112K
  class space    used 2987K, committed 3200K, reserved 1048576K
}
Event: 4.463 GC heap before
{Heap before GC invocations=12 (full 0):
 garbage-first heap   total 118784K, used 77198K [0x0000000701200000, 0x0000000800000000)
  region size 2048K, 17 young (34816K), 1 survivors (2048K)
 Metaspace       used 27340K, committed 27776K, reserved 1114112K
  class space    used 2988K, committed 3200K, reserved 1048576K
}
Event: 4.471 GC heap after
{Heap after GC invocations=13 (full 0):
 garbage-first heap   total 118784K, used 57702K [0x0000000701200000, 0x0000000800000000)
  region size 2048K, 3 young (6144K), 3 survivors (6144K)
 Metaspace       used 27340K, committed 27776K, reserved 1114112K
  class space    used 2988K, committed 3200K, reserved 1048576K
}
Event: 4.494 GC heap before
{Heap before GC invocations=13 (full 0):
 garbage-first heap   total 118784K, used 59750K [0x0000000701200000, 0x0000000800000000)
  region size 2048K, 4 young (8192K), 3 survivors (6144K)
 Metaspace       used 27341K, committed 27776K, reserved 1114112K
  class space    used 2988K, committed 3200K, reserved 1048576K
}
Event: 4.498 GC heap after
{Heap after GC invocations=14 (full 0):
 garbage-first heap   total 118784K, used 58518K [0x0000000701200000, 0x0000000800000000)
  region size 2048K, 1 young (2048K), 1 survivors (2048K)
 Metaspace       used 27341K, committed 27776K, reserved 1114112K
  class space    used 2988K, committed 3200K, reserved 1048576K
}
Event: 4.803 GC heap before
{Heap before GC invocations=14 (full 0):
 garbage-first heap   total 118784K, used 81046K [0x0000000701200000, 0x0000000800000000)
  region size 2048K, 13 young (26624K), 1 survivors (2048K)
 Metaspace       used 28224K, committed 28672K, reserved 1114112K
  class space    used 3073K, committed 3264K, reserved 1048576K
}
Event: 4.808 GC heap after
{Heap after GC invocations=15 (full 0):
 garbage-first heap   total 118784K, used 62608K [0x0000000701200000, 0x0000000800000000)
  region size 2048K, 2 young (4096K), 2 survivors (4096K)
 Metaspace       used 28224K, committed 28672K, reserved 1114112K
  class space    used 3073K, committed 3264K, reserved 1048576K
}
Event: 5.290 GC heap before
{Heap before GC invocations=16 (full 0):
 garbage-first heap   total 118784K, used 83088K [0x0000000701200000, 0x0000000800000000)
  region size 2048K, 13 young (26624K), 2 survivors (4096K)
 Metaspace       used 29650K, committed 30080K, reserved 1114112K
  class space    used 3221K, committed 3456K, reserved 1048576K
}
Event: 5.296 GC heap after
{Heap after GC invocations=17 (full 0):
 garbage-first heap   total 118784K, used 64584K [0x0000000701200000, 0x0000000800000000)
  region size 2048K, 1 young (2048K), 1 survivors (2048K)
 Metaspace       used 29650K, committed 30080K, reserved 1114112K
  class space    used 3221K, committed 3456K, reserved 1048576K
}
Event: 5.333 GC heap before
{Heap before GC invocations=17 (full 0):
 garbage-first heap   total 118784K, used 66632K [0x0000000701200000, 0x0000000800000000)
  region size 2048K, 2 young (4096K), 1 survivors (2048K)
 Metaspace       used 29854K, committed 30272K, reserved 1114112K
  class space    used 3253K, committed 3456K, reserved 1048576K
}
Event: 5.339 GC heap after
{Heap after GC invocations=18 (full 0):
 garbage-first heap   total 118784K, used 62429K [0x0000000701200000, 0x0000000800000000)
  region size 2048K, 1 young (2048K), 1 survivors (2048K)
 Metaspace       used 29854K, committed 30272K, reserved 1114112K
  class space    used 3253K, committed 3456K, reserved 1048576K
}
Event: 5.528 GC heap before
{Heap before GC invocations=18 (full 0):
 garbage-first heap   total 118784K, used 87005K [0x0000000701200000, 0x0000000800000000)
  region size 2048K, 13 young (26624K), 1 survivors (2048K)
 Metaspace       used 30359K, committed 30848K, reserved 1114112K
  class space    used 3291K, committed 3520K, reserved 1048576K
}
Event: 5.530 GC heap after
{Heap after GC invocations=19 (full 0):
 garbage-first heap   total 237568K, used 63725K [0x0000000701200000, 0x0000000800000000)
  region size 2048K, 1 young (2048K), 1 survivors (2048K)
 Metaspace       used 30359K, committed 30848K, reserved 1114112K
  class space    used 3291K, committed 3520K, reserved 1048576K
}

