<?xml version="1.0" encoding="UTF-8"?>
<testsuite xmlns:xsi="http://www.w3.org/2001/XMLSchema-instance" xsi:noNamespaceSchemaLocation="https://maven.apache.org/surefire/maven-failsafe-plugin/xsd/failsafe-test-report-3.0.xsd" version="3.0" name="starter.CucumberTestSuite" time="196.015" tests="16" errors="10" skipped="0" failures="0">
  <properties>
[...]
</properties>
  <testcase name="I want to increase my item shop" classname="As user I want to edit my cart" time="7.026">
    <system-out><![CDATA[21:58:59.198 [main] DEBUG net.thucydides.core.guice.Injectors - Created injector for module net.thucydides.core.guice.ThucydidesModule
21:59:01.316 [main] DEBUG io.cucumber.core.plugin.SerenityReporter - Running feature from file:///C:/Users/user/Documents/GitHub/Mini-Project_IjlalGhozaPutra/Mini%20Project_Automation_Web/Mini%20Project_Automation_Web/src/test/resources/features/cart.feature
21:59:02.751 [main] DEBUG net.thucydides.core.guice.Injectors - Created injector for module net.thucydides.core.guice.webdriver.WebDriverModule
21:59:02.832 [main] INFO  - 

-------------------------------------------------------------------------------------
     _______. _______ .______       _______ .__   __.  __  .___________.____    ____ 
    /       ||   ____||   _  \     |   ____||  \ |  | |  | |           |\   \  /   / 
   |   (----`|  |__   |  |_)  |    |  |__   |   \|  | |  | `---|  |----` \   \/   /  
    \   \    |   __|  |      /     |   __|  |  . `  | |  |     |  |       \_    _/   
.----)   |   |  |____ |  |\  \----.|  |____ |  |\   | |  |     |  |         |  |     
|_______/    |_______|| _| `._____||_______||__| \__| |__|     |__|         |__|    
                                                                                     
 News and tutorials at http://www.serenity-bdd.info                                  
 Documentation at https://wakaleo.gitbooks.io/the-serenity-book/content/             
 Join the Serenity Community on Gitter: https://gitter.im/serenity-bdd/serenity-core 
 Serenity BDD Support and Training at http://serenity-bdd.info/#/trainingandsupport  
-------------------------------------------------------------------------------------

21:59:02.843 [main] DEBUG net.thucydides.core.steps.StepEventBus - Test suite started for story net.thucydides.core.model.Story@ab6d07aa
21:59:02.850 [main] INFO  - Test Suite Started: As user I want to edit my cart
21:59:02.950 [main] DEBUG io.cucumber.core.plugin.SerenityReporter - Running feature from file:///C:/Users/user/Documents/GitHub/Mini-Project_IjlalGhozaPutra/Mini%20Project_Automation_Web/Mini%20Project_Automation_Web/src/test/resources/features/chooseproduct.feature
21:59:02.967 [main] DEBUG net.thucydides.core.steps.StepEventBus - Test suite started for story net.thucydides.core.model.Story@a7234ba
21:59:02.969 [main] INFO  - Test Suite Started: I want to choose a product
21:59:02.970 [main] DEBUG io.cucumber.core.plugin.SerenityReporter - Running feature from file:///C:/Users/user/Documents/GitHub/Mini-Project_IjlalGhozaPutra/Mini%20Project_Automation_Web/Mini%20Project_Automation_Web/src/test/resources/features/login.feature
21:59:02.995 [main] DEBUG net.thucydides.core.steps.StepEventBus - Test suite started for story net.thucydides.core.model.Story@61edc693
21:59:02.998 [main] INFO  - Test Suite Started: As a user I want login to altashop
21:59:02.999 [main] DEBUG io.cucumber.core.plugin.SerenityReporter - Running feature from file:///C:/Users/user/Documents/GitHub/Mini-Project_IjlalGhozaPutra/Mini%20Project_Automation_Web/Mini%20Project_Automation_Web/src/test/resources/features/logout.feature
21:59:03.017 [main] DEBUG net.thucydides.core.steps.StepEventBus - Test suite started for story net.thucydides.core.model.Story@4ba17dba
21:59:03.019 [main] INFO  - Test Suite Started: As user I want  to logout my account
21:59:03.019 [main] DEBUG io.cucumber.core.plugin.SerenityReporter - Running feature from file:///C:/Users/user/Documents/GitHub/Mini-Project_IjlalGhozaPutra/Mini%20Project_Automation_Web/Mini%20Project_Automation_Web/src/test/resources/features/payment.feature
21:59:03.039 [main] DEBUG net.thucydides.core.steps.StepEventBus - Test suite started for story net.thucydides.core.model.Story@ebba42df
21:59:03.041 [main] INFO  - Test Suite Started: As user I want to pay my item
21:59:03.042 [main] DEBUG io.cucumber.core.plugin.SerenityReporter - Running feature from file:///C:/Users/user/Documents/GitHub/Mini-Project_IjlalGhozaPutra/Mini%20Project_Automation_Web/Mini%20Project_Automation_Web/src/test/resources/features/register.feature
21:59:03.068 [main] DEBUG net.thucydides.core.steps.StepEventBus - Test suite started for story net.thucydides.core.model.Story@db4b8aef
21:59:03.071 [main] INFO  - Test Suite Started: As user I want to register for Altashop account
21:59:03.073 [main] DEBUG io.cucumber.core.plugin.SerenityReporter - Running feature from file:///C:/Users/user/Documents/GitHub/Mini-Project_IjlalGhozaPutra/Mini%20Project_Automation_Web/Mini%20Project_Automation_Web/src/test/resources/features/transaction.feature
21:59:03.090 [main] DEBUG net.thucydides.core.steps.StepEventBus - Test suite started for story net.thucydides.core.model.Story@60e806bb
21:59:03.092 [main] INFO  - Test Suite Started: I want to see transaction
21:59:03.095 [main] DEBUG io.cucumber.core.plugin.SerenityReporter - Running feature from file:///C:/Users/user/Documents/GitHub/Mini-Project_IjlalGhozaPutra/Mini%20Project_Automation_Web/Mini%20Project_Automation_Web/src/test/resources/features/cart.feature
21:59:03.108 [main] DEBUG net.thucydides.core.steps.StepEventBus - Test suite started for story net.thucydides.core.model.Story@ab6d07aa
21:59:03.109 [main] INFO  - Test Suite Started: As user I want to edit my cart

Scenario: I want to increase my item shop               &amp#27;[90m# src/test/resources/features/cart.feature:3&amp#27;[0m
21:59:03.996 [main] DEBUG io.cucumber.core.plugin.SerenityReporter - Running feature from file:///C:/Users/user/Documents/GitHub/Mini-Project_IjlalGhozaPutra/Mini%20Project_Automation_Web/Mini%20Project_Automation_Web/src/test/resources/features/cart.feature
21:59:04.824 [main] INFO  - 
  _____   ___   ___   _____     ___   _____     _     ___   _____   ___   ___  
 |_   _| | __| / __| |_   _|   / __| |_   _|   /_\   | _ \ |_   _| | __| |   \ 
   | |   | _|  \__ \   | |     \__ \   | |    / _ \  |   /   | |   | _|  | |) |
   |_|   |___| |___/   |_|     |___/   |_|   /_/ \_\ |_|_\   |_|   |___| |___/ 

I want to increase my item shop(as-user-i-want-to-edit-my-cart;i-want-to-increase-my-item-shop)
--------------------------------------------------------------------------------
21:59:05.218 [main] DEBUG net.thucydides.core.requirements.model.cucumber.CucumberParser - Loading feature C:\Users\user\Documents\GitHub\Mini-Project_IjlalGhozaPutra\Mini Project_Automation_Web\Mini Project_Automation_Web\src\test\resources\features\cart.feature
21:59:05.317 [main] DEBUG net.thucydides.core.requirements.model.cucumber.CucumberParser - Loading feature C:\Users\user\Documents\GitHub\Mini-Project_IjlalGhozaPutra\Mini Project_Automation_Web\Mini Project_Automation_Web\src\test\resources\features\chooseproduct.feature
21:59:05.334 [main] DEBUG net.thucydides.core.requirements.model.cucumber.CucumberParser - Loading feature C:\Users\user\Documents\GitHub\Mini-Project_IjlalGhozaPutra\Mini Project_Automation_Web\Mini Project_Automation_Web\src\test\resources\features\login.feature
21:59:05.365 [main] DEBUG net.thucydides.core.requirements.model.cucumber.CucumberParser - Loading feature C:\Users\user\Documents\GitHub\Mini-Project_IjlalGhozaPutra\Mini Project_Automation_Web\Mini Project_Automation_Web\src\test\resources\features\logout.feature
21:59:05.383 [main] DEBUG net.thucydides.core.requirements.model.cucumber.CucumberParser - Loading feature C:\Users\user\Documents\GitHub\Mini-Project_IjlalGhozaPutra\Mini Project_Automation_Web\Mini Project_Automation_Web\src\test\resources\features\payment.feature
21:59:05.399 [main] DEBUG net.thucydides.core.requirements.model.cucumber.CucumberParser - Loading feature C:\Users\user\Documents\GitHub\Mini-Project_IjlalGhozaPutra\Mini Project_Automation_Web\Mini Project_Automation_Web\src\test\resources\features\register.feature
21:59:05.432 [main] DEBUG net.thucydides.core.requirements.model.cucumber.CucumberParser - Loading feature C:\Users\user\Documents\GitHub\Mini-Project_IjlalGhozaPutra\Mini Project_Automation_Web\Mini Project_Automation_Web\src\test\resources\features\transaction.feature
21:59:09.698 [main] DEBUG net.thucydides.core.steps.StepInterceptor - STARTING STEP: Cartsteps.openAndLoginAltashopAccount - validateOnTheHomepage
21:59:09.845 [main] DEBUG net.thucydides.core.steps.StepInterceptor - STEP DONE: validateOnTheHomepage
  &amp#27;[32mGiven &amp#27;[0m&amp#27;[32mI open and login altahsop account&amp#27;[0m               &amp#27;[90m# starter.Stepdefintion.Cartsteps.openAndLoginAltashopAccount()&amp#27;[0m
21:59:09.897 [main] DEBUG net.thucydides.core.steps.StepInterceptor - STARTING STEP: Cartsteps.goToCartButton - clickCartButton
21:59:09.946 [main] DEBUG net.thucydides.core.steps.StepInterceptor - STEP DONE: clickCartButton
  &amp#27;[32mWhen &amp#27;[0m&amp#27;[32mI go to cart button&amp#27;[0m                              &amp#27;[90m# starter.Stepdefintion.Cartsteps.goToCartButton()&amp#27;[0m
21:59:09.977 [main] DEBUG net.thucydides.core.steps.StepInterceptor - STARTING STEP: Cartsteps.onTheCartPage - validateOnTheCartPage
21:59:09.989 [main] DEBUG net.thucydides.core.steps.StepInterceptor - STEP DONE: validateOnTheCartPage
  &amp#27;[32mAnd &amp#27;[0m&amp#27;[32mI on the cart page&amp#27;[0m                                &amp#27;[90m# starter.Stepdefintion.Cartsteps.onTheCartPage()&amp#27;[0m
21:59:10.014 [main] DEBUG net.thucydides.core.steps.StepInterceptor - STARTING STEP: Cartsteps.clickPlussButtonToIncreaseItem - clickPlussButton
21:59:10.044 [main] DEBUG net.thucydides.core.steps.StepInterceptor - STEP DONE: clickPlussButton
  &amp#27;[32mAnd &amp#27;[0m&amp#27;[32mI click pluss button to increase quantity my item&amp#27;[0m &amp#27;[90m# starter.Stepdefintion.Cartsteps.clickPlussButtonToIncreaseItem()&amp#27;[0m
21:59:10.078 [main] DEBUG net.thucydides.core.steps.StepInterceptor - STARTING STEP: Cartsteps.succsessfullyIncreaseItem - validateItemWasIncrease
21:59:10.096 [main] DEBUG net.thucydides.core.steps.StepInterceptor - STEP DONE: validateItemWasIncrease
  &amp#27;[32mThen &amp#27;[0m&amp#27;[32mI succsessfully increase my item&amp#27;[0m                 &amp#27;[90m# starter.Stepdefintion.Cartsteps.succsessfullyIncreaseItem()&amp#27;[0m
21:59:10.126 [main] INFO  - 
  _____   ___   ___   _____     ___     _     ___   ___   ___   ___  
 |_   _| | __| / __| |_   _|   | _ \   /_\   / __| / __| | __| |   \ 
   | |   | _|  \__ \   | |     |  _/  / _ \  \__ \ \__ \ | _|  | |) |
   |_|   |___| |___/   |_|     |_|   /_/ \_\ |___/ |___/ |___| |___/ 

I want to increase my item shop
----------------------------------------------------------------------
]]></system-out>
  </testcase>
  <testcase name="I want to decrease my item shop" classname="As user I want to edit my cart" time="0.422">
    <system-out><![CDATA[
Scenario: I want to decrease my item shop               &amp#27;[90m# src/test/resources/features/cart.feature:10&amp#27;[0m
21:59:10.214 [main] DEBUG io.cucumber.core.plugin.SerenityReporter - Running feature from file:///C:/Users/user/Documents/GitHub/Mini-Project_IjlalGhozaPutra/Mini%20Project_Automation_Web/Mini%20Project_Automation_Web/src/test/resources/features/cart.feature
21:59:10.224 [main] INFO  - 
  _____   ___   ___   _____     ___   _____     _     ___   _____   ___   ___  
 |_   _| | __| / __| |_   _|   / __| |_   _|   /_\   | _ \ |_   _| | __| |   \ 
   | |   | _|  \__ \   | |     \__ \   | |    / _ \  |   /   | |   | _|  | |) |
   |_|   |___| |___/   |_|     |___/   |_|   /_/ \_\ |_|_\   |_|   |___| |___/ 

I want to decrease my item shop(as-user-i-want-to-edit-my-cart;i-want-to-decrease-my-item-shop)
--------------------------------------------------------------------------------
21:59:10.325 [main] DEBUG net.thucydides.core.steps.StepInterceptor - STARTING STEP: Cartsteps.openAndLoginAltashopAccount - validateOnTheHomepage
21:59:10.338 [main] DEBUG net.thucydides.core.steps.StepInterceptor - STEP DONE: validateOnTheHomepage
  &amp#27;[32mGiven &amp#27;[0m&amp#27;[32mI open and login altahsop account&amp#27;[0m               &amp#27;[90m# starter.Stepdefintion.Cartsteps.openAndLoginAltashopAccount()&amp#27;[0m
21:59:10.363 [main] DEBUG net.thucydides.core.steps.StepInterceptor - STARTING STEP: Cartsteps.goToCartButton - clickCartButton
21:59:10.402 [main] DEBUG net.thucydides.core.steps.StepInterceptor - STEP DONE: clickCartButton
  &amp#27;[32mWhen &amp#27;[0m&amp#27;[32mI go to cart button&amp#27;[0m                              &amp#27;[90m# starter.Stepdefintion.Cartsteps.goToCartButton()&amp#27;[0m
21:59:10.430 [main] DEBUG net.thucydides.core.steps.StepInterceptor - STARTING STEP: Cartsteps.onTheCartPage - validateOnTheCartPage
21:59:10.445 [main] DEBUG net.thucydides.core.steps.StepInterceptor - STEP DONE: validateOnTheCartPage
  &amp#27;[32mAnd &amp#27;[0m&amp#27;[32mI on the cart page&amp#27;[0m                                &amp#27;[90m# starter.Stepdefintion.Cartsteps.onTheCartPage()&amp#27;[0m
21:59:10.492 [main] DEBUG net.thucydides.core.steps.StepInterceptor - STARTING STEP: Cartsteps.clickMinesButtonToDecreaseItem - clickMinesButton
21:59:10.521 [main] DEBUG net.thucydides.core.steps.StepInterceptor - STEP DONE: clickMinesButton
  &amp#27;[32mAnd &amp#27;[0m&amp#27;[32mI click mines button to decrease quantity my item&amp#27;[0m &amp#27;[90m# starter.Stepdefintion.Cartsteps.clickMinesButtonToDecreaseItem()&amp#27;[0m
21:59:10.549 [main] DEBUG net.thucydides.core.steps.StepInterceptor - STARTING STEP: Cartsteps.succsessfullyDecreaseItem - validateItemWasDecrease
21:59:10.557 [main] DEBUG net.thucydides.core.steps.StepInterceptor - STEP DONE: validateItemWasDecrease
  &amp#27;[32mThen &amp#27;[0m&amp#27;[32mI succsessfully decrease my item&amp#27;[0m                 &amp#27;[90m# starter.Stepdefintion.Cartsteps.succsessfullyDecreaseItem()&amp#27;[0m
21:59:10.567 [main] INFO  - 
  _____   ___   ___   _____     ___     _     ___   ___   ___   ___  
 |_   _| | __| / __| |_   _|   | _ \   /_\   / __| / __| | __| |   \ 
   | |   | _|  \__ \   | |     |  _/  / _ \  \__ \ \__ \ | _|  | |) |
   |_|   |___| |___/   |_|     |_|   /_/ \_\ |___/ |___/ |___| |___/ 

I want to decrease my item shop
----------------------------------------------------------------------
]]></system-out>
  </testcase>
  <testcase name="I want to choose a product" classname="I want to choose a product" time="0.968">
    <system-out><![CDATA[21:59:10.600 [main] DEBUG io.cucumber.core.plugin.SerenityReporter - Running feature from file:///C:/Users/user/Documents/GitHub/Mini-Project_IjlalGhozaPutra/Mini%20Project_Automation_Web/Mini%20Project_Automation_Web/src/test/resources/features/chooseproduct.feature
21:59:10.612 [main] DEBUG net.thucydides.core.steps.StepEventBus - Test suite started for story net.thucydides.core.model.Story@a7234ba
21:59:10.614 [main] INFO  - Test Suite Started: I want to choose a product

Scenario: I want to choose a product                          &amp#27;[90m# src/test/resources/features/chooseproduct.feature:2&amp#27;[0m
21:59:10.655 [main] DEBUG io.cucumber.core.plugin.SerenityReporter - Running feature from file:///C:/Users/user/Documents/GitHub/Mini-Project_IjlalGhozaPutra/Mini%20Project_Automation_Web/Mini%20Project_Automation_Web/src/test/resources/features/chooseproduct.feature
21:59:10.666 [main] INFO  - 
  _____   ___   ___   _____     ___   _____     _     ___   _____   ___   ___  
 |_   _| | __| / __| |_   _|   / __| |_   _|   /_\   | _ \ |_   _| | __| |   \ 
   | |   | _|  \__ \   | |     \__ \   | |    / _ \  |   /   | |   | _|  | |) |
   |_|   |___| |___/   |_|     |___/   |_|   /_/ \_\ |_|_\   |_|   |___| |___/ 

I want to choose a product(i-want-to-choose-a-product;i-want-to-choose-a-product)
--------------------------------------------------------------------------------
21:59:11.185 [main] DEBUG net.thucydides.core.steps.StepInterceptor - STARTING STEP: Chooseproductsteps.succsessfullyLogin - validateOnTheHomepage
21:59:11.197 [main] DEBUG net.thucydides.core.steps.StepInterceptor - STEP DONE: validateOnTheHomepage
  &amp#27;[32mGiven &amp#27;[0m&amp#27;[32mI succsessfully login alta-shop.vercel.app account&amp#27;[0m    &amp#27;[90m# starter.Stepdefintion.Chooseproductsteps.succsessfullyLogin()&amp#27;[0m
21:59:11.221 [main] DEBUG net.thucydides.core.steps.StepInterceptor - STARTING STEP: Chooseproductsteps.clickDetailButtonToSeeDetailProduct - clickDetailButtonToSeeDetailProduct
21:59:11.251 [main] DEBUG net.thucydides.core.steps.StepInterceptor - STEP DONE: clickDetailButtonToSeeDetailProduct
  &amp#27;[32mWhen &amp#27;[0m&amp#27;[32mI click detail button to see detail product&amp#27;[0m            &amp#27;[90m# starter.Stepdefintion.Chooseproductsteps.clickDetailButtonToSeeDetailProduct()&amp#27;[0m
21:59:11.270 [main] DEBUG net.thucydides.core.steps.StepInterceptor - STARTING STEP: Chooseproductsteps.clickButtonToBackHomePage - clickAltashopField
21:59:11.292 [main] DEBUG net.thucydides.core.steps.StepInterceptor - STEP DONE: clickAltashopField
  &amp#27;[32mAnd &amp#27;[0m&amp#27;[32mI click Altashop field to back home page to buy product&amp#27;[0m &amp#27;[90m# starter.Stepdefintion.Chooseproductsteps.clickButtonToBackHomePage()&amp#27;[0m
21:59:11.315 [main] DEBUG net.thucydides.core.steps.StepInterceptor - STARTING STEP: Chooseproductsteps.clickBuyingButtom - clickBuyingButton
21:59:11.340 [main] DEBUG net.thucydides.core.steps.StepInterceptor - STEP DONE: clickBuyingButton
  &amp#27;[32mAnd &amp#27;[0m&amp#27;[32mI click buying button at aitem&amp#27;[0m                          &amp#27;[90m# starter.Stepdefintion.Chooseproductsteps.clickBuyingButtom()&amp#27;[0m
  &amp#27;[32mThen &amp#27;[0m&amp#27;[32mI succsessfully add item&amp#27;[0m                               &amp#27;[90m# starter.Stepdefintion.Chooseproductsteps.succsessfullyAddItem()&amp#27;[0m
21:59:11.583 [main] INFO  - 
  _____   ___   ___   _____     ___     _     ___   ___   ___   ___  
 |_   _| | __| / __| |_   _|   | _ \   /_\   / __| / __| | __| |   \ 
   | |   | _|  \__ \   | |     |  _/  / _ \  \__ \ \__ \ | _|  | |) |
   |_|   |___| |___/   |_|     |_|   /_/ \_\ |___/ |___/ |___| |___/ 

I want to choose a product
----------------------------------------------------------------------
]]></system-out>
  </testcase>
  <testcase name="login to altashop account" classname="As a user I want login to altashop" time="57.166">
    <error type="net.thucydides.core.webdriver.DriverConfigurationError"><![CDATA[net.thucydides.core.webdriver.DriverConfigurationError: Could not instantiate class org.openqa.selenium.chrome.ChromeDriver
Caused by: net.thucydides.core.webdriver.DriverConfigurationError: 
WebDriver was unable to create a new instance of type class org.openqa.selenium.chrome.ChromeDriver
WebDriver reported the following message: Could not start a new session. Response code 500. Message: session not created: This version of ChromeDriver only supports Chrome version 111
Current browser version is 113.0.5672.93 with binary path C:\Program Files (x86)\Google\Chrome\Application\chrome.exe 
Host info: host: 'DESKTOP-CNARK74', ip: '192.168.56.1'
Build info: version: '4.8.1', revision: '8ebccac989'
System info: os.name: 'Windows 10', os.arch: 'amd64', os.version: '10.0', java.version: '17.0.6'
Driver info: org.openqa.selenium.chrome.ChromeDriver
Command: [null, newSession {capabilities=[Capabilities {acceptInsecureCerts: false, browserName: chrome, goog:chromeOptions: {args: [remote-allow-origins=*], extensions: []}}], desiredCapabilities=Capabilities {acceptInsecureCerts: false, browserName: chrome, goog:chromeOptions: {args: [remote-allow-origins=*], extensions: []}}}]
See below for more details.
Caused by: org.openqa.selenium.SessionNotCreatedException: 
Could not start a new session. Response code 500. Message: session not created: This version of ChromeDriver only supports Chrome version 111
Current browser version is 113.0.5672.93 with binary path C:\Program Files (x86)\Google\Chrome\Application\chrome.exe 
Host info: host: 'DESKTOP-CNARK74', ip: '192.168.56.1'
Build info: version: '4.8.1', revision: '8ebccac989'
System info: os.name: 'Windows 10', os.arch: 'amd64', os.version: '10.0', java.version: '17.0.6'
Driver info: org.openqa.selenium.chrome.ChromeDriver
Command: [null, newSession {capabilities=[Capabilities {acceptInsecureCerts: false, browserName: chrome, goog:chromeOptions: {args: [remote-allow-origins=*], extensions: []}}], desiredCapabilities=Capabilities {acceptInsecureCerts: false, browserName: chrome, goog:chromeOptions: {args: [remote-allow-origins=*], extensions: []}}}]
]]></error>
    <system-out><![CDATA[21:59:11.594 [main] DEBUG io.cucumber.core.plugin.SerenityReporter - Running feature from file:///C:/Users/user/Documents/GitHub/Mini-Project_IjlalGhozaPutra/Mini%20Project_Automation_Web/Mini%20Project_Automation_Web/src/test/resources/features/login.feature
21:59:11.606 [main] DEBUG net.thucydides.core.steps.StepEventBus - Test suite started for story net.thucydides.core.model.Story@61edc693
21:59:11.607 [main] INFO  - Test Suite Started: As a user I want login to altashop

Scenario: login to altashop account &amp#27;[90m# src/test/resources/features/login.feature:3&amp#27;[0m
21:59:11.634 [main] DEBUG io.cucumber.core.plugin.SerenityReporter - Running feature from file:///C:/Users/user/Documents/GitHub/Mini-Project_IjlalGhozaPutra/Mini%20Project_Automation_Web/Mini%20Project_Automation_Web/src/test/resources/features/login.feature
21:59:11.645 [main] INFO  - 
  _____   ___   ___   _____     ___   _____     _     ___   _____   ___   ___  
 |_   _| | __| / __| |_   _|   / __| |_   _|   /_\   | _ \ |_   _| | __| |   \ 
   | |   | _|  \__ \   | |     \__ \   | |    / _ \  |   /   | |   | _|  | |) |
   |_|   |___| |___/   |_|     |___/   |_|   /_/ \_\ |_|_\   |_|   |___| |___/ 

login to altashop account(as-a-user-i-want-login-to-altashop;login-to-altashop-account)
--------------------------------------------------------------------------------
21:59:12.158 [main] DEBUG net.thucydides.core.steps.StepInterceptor - STARTING STEP: Loginsteps.openAltaShopPage - openPage
21:59:13.115 [main] INFO net.serenitybdd.core.webdriver.driverproviders.ChromeDriverProvider - Starting Chrome driver instance with capabilities:
21:59:13.161 [main] INFO net.serenitybdd.core.webdriver.driverproviders.ChromeDriverProvider - Capabilities {acceptInsecureCerts: false, browserName: chrome, goog:chromeOptions: {args: [remote-allow-origins=*], extensions: []}}
21:59:14.842 [main] DEBUG io.netty.util.internal.logging.InternalLoggerFactory - Using SLF4J as the default logging framework
21:59:14.856 [main] DEBUG io.netty.util.ResourceLeakDetector - -Dio.netty.leakDetection.level: simple
21:59:14.856 [main] DEBUG io.netty.util.ResourceLeakDetector - -Dio.netty.leakDetection.targetRecords: 4
21:59:14.874 [main] DEBUG io.netty.util.ResourceLeakDetectorFactory - Loaded default ResourceLeakDetector: io.netty.util.ResourceLeakDetector@1da5c19d
21:59:14.954 [main] DEBUG io.netty.util.internal.PlatformDependent0 - -Dio.netty.noUnsafe: false
21:59:14.954 [main] DEBUG io.netty.util.internal.PlatformDependent0 - Java version: 17
21:59:14.957 [main] DEBUG io.netty.util.internal.PlatformDependent0 - sun.misc.Unsafe.theUnsafe: available
21:59:14.960 [main] DEBUG io.netty.util.internal.PlatformDependent0 - sun.misc.Unsafe.copyMemory: available
21:59:14.962 [main] DEBUG io.netty.util.internal.PlatformDependent0 - sun.misc.Unsafe.storeFence: available
21:59:14.964 [main] DEBUG io.netty.util.internal.PlatformDependent0 - java.nio.Buffer.address: available
21:59:14.966 [main] DEBUG io.netty.util.internal.PlatformDependent0 - direct buffer constructor: unavailable: Reflective setAccessible(true) disabled
21:59:14.969 [main] DEBUG io.netty.util.internal.PlatformDependent0 - java.nio.Bits.unaligned: available, true
21:59:14.974 [main] DEBUG io.netty.util.internal.PlatformDependent0 - jdk.internal.misc.Unsafe.allocateUninitializedArray(int): unavailable: class io.netty.util.internal.PlatformDependent0$7 cannot access class jdk.internal.misc.Unsafe (in module java.base) because module java.base does not export jdk.internal.misc to unnamed module @2dde1bff
21:59:15.006 [main] DEBUG io.netty.util.internal.PlatformDependent0 - java.nio.DirectByteBuffer.<init>(long, int): unavailable
21:59:15.006 [main] DEBUG io.netty.util.internal.PlatformDependent - sun.misc.Unsafe: available
21:59:15.016 [main] DEBUG io.netty.util.internal.PlatformDependent - maxDirectMemory: 931135488 bytes (maybe)
21:59:15.017 [main] DEBUG io.netty.util.internal.PlatformDependent - -Dio.netty.tmpdir: C:\Users\user\AppData\Local\Temp (java.io.tmpdir)
21:59:15.019 [main] DEBUG io.netty.util.internal.PlatformDependent - -Dio.netty.bitMode: 64 (sun.arch.data.model)
21:59:15.021 [main] DEBUG io.netty.util.internal.PlatformDependent - Platform: Windows
21:59:15.025 [main] DEBUG io.netty.util.internal.PlatformDependent - -Dio.netty.maxDirectMemory: -1 bytes
21:59:15.025 [main] DEBUG io.netty.util.internal.PlatformDependent - -Dio.netty.uninitializedArrayAllocationThreshold: -1
21:59:15.029 [main] DEBUG io.netty.util.internal.CleanerJava9 - java.nio.ByteBuffer.cleaner(): available
21:59:15.029 [main] DEBUG io.netty.util.internal.PlatformDependent - -Dio.netty.noPreferDirect: false
21:59:15.077 [main] DEBUG io.netty.util.internal.PlatformDependent - org.jctools-core.MpscChunkedArrayQueue: available
21:59:15.312 [main] DEBUG io.netty.util.internal.InternalThreadLocalMap - -Dio.netty.threadLocalMap.stringBuilder.initialSize: 1024
21:59:15.312 [main] DEBUG io.netty.util.internal.InternalThreadLocalMap - -Dio.netty.threadLocalMap.stringBuilder.maxSize: 4096
21:59:16.644 [main] DEBUG io.netty.handler.ssl.JdkSslContext - Default protocols (JDK): [TLSv1.3, TLSv1.2] 
21:59:16.645 [main] DEBUG io.netty.handler.ssl.JdkSslContext - Default cipher suites (JDK): [TLS_ECDHE_ECDSA_WITH_AES_256_GCM_SHA384, TLS_ECDHE_ECDSA_WITH_AES_128_GCM_SHA256, TLS_ECDHE_RSA_WITH_AES_128_GCM_SHA256, TLS_ECDHE_RSA_WITH_AES_256_GCM_SHA384, TLS_ECDHE_RSA_WITH_AES_128_CBC_SHA, TLS_ECDHE_RSA_WITH_AES_256_CBC_SHA, TLS_RSA_WITH_AES_128_GCM_SHA256, TLS_RSA_WITH_AES_128_CBC_SHA, TLS_RSA_WITH_AES_256_CBC_SHA, TLS_AES_128_GCM_SHA256, TLS_AES_256_GCM_SHA384]
21:59:16.925 [main] DEBUG io.netty.channel.MultithreadEventLoopGroup - -Dio.netty.eventLoopThreads: 8
21:59:17.003 [main] DEBUG io.netty.channel.nio.NioEventLoop - -Dio.netty.noKeySetOptimization: false
21:59:17.003 [main] DEBUG io.netty.channel.nio.NioEventLoop - -Dio.netty.selectorAutoRebuildThreshold: 512
21:59:17.285 [main] DEBUG io.netty.buffer.PooledByteBufAllocator - -Dio.netty.allocator.numHeapArenas: 8
21:59:17.285 [main] DEBUG io.netty.buffer.PooledByteBufAllocator - -Dio.netty.allocator.numDirectArenas: 8
21:59:17.285 [main] DEBUG io.netty.buffer.PooledByteBufAllocator - -Dio.netty.allocator.pageSize: 8192
21:59:17.285 [main] DEBUG io.netty.buffer.PooledByteBufAllocator - -Dio.netty.allocator.maxOrder: 9
21:59:17.285 [main] DEBUG io.netty.buffer.PooledByteBufAllocator - -Dio.netty.allocator.chunkSize: 4194304
21:59:17.286 [main] DEBUG io.netty.buffer.PooledByteBufAllocator - -Dio.netty.allocator.smallCacheSize: 256
21:59:17.286 [main] DEBUG io.netty.buffer.PooledByteBufAllocator - -Dio.netty.allocator.normalCacheSize: 64
21:59:17.286 [main] DEBUG io.netty.buffer.PooledByteBufAllocator - -Dio.netty.allocator.maxCachedBufferCapacity: 32768
21:59:17.287 [main] DEBUG io.netty.buffer.PooledByteBufAllocator - -Dio.netty.allocator.cacheTrimInterval: 8192
21:59:17.287 [main] DEBUG io.netty.buffer.PooledByteBufAllocator - -Dio.netty.allocator.cacheTrimIntervalMillis: 0
21:59:17.287 [main] DEBUG io.netty.buffer.PooledByteBufAllocator - -Dio.netty.allocator.useCacheForAllThreads: false
21:59:17.287 [main] DEBUG io.netty.buffer.PooledByteBufAllocator - -Dio.netty.allocator.maxCachedByteBuffersPerChunk: 1023
21:59:17.327 [main] DEBUG io.netty.buffer.ByteBufUtil - -Dio.netty.allocator.type: pooled
21:59:17.327 [main] DEBUG io.netty.buffer.ByteBufUtil - -Dio.netty.threadLocalDirectBufferSize: 0
21:59:17.327 [main] DEBUG io.netty.buffer.ByteBufUtil - -Dio.netty.maxThreadLocalCharBufferSize: 16384
21:59:20.937 [Forwarding newSession on session null to remote] DEBUG io.netty.channel.DefaultChannelId - -Dio.netty.processId: 9040 (auto-detected)
21:59:20.959 [Forwarding newSession on session null to remote] DEBUG io.netty.util.NetUtil - -Djava.net.preferIPv4Stack: false
21:59:20.959 [Forwarding newSession on session null to remote] DEBUG io.netty.util.NetUtil - -Djava.net.preferIPv6Addresses: false
21:59:20.993 [Forwarding newSession on session null to remote] DEBUG io.netty.util.NetUtilInitializations - Loopback interface: lo (Software Loopback Interface 1, 127.0.0.1)
21:59:21.014 [Forwarding newSession on session null to remote] DEBUG io.netty.util.NetUtil - Failed to get SOMAXCONN from sysctl and file \proc\sys\net\core\somaxconn. Default: 200
21:59:21.096 [Forwarding newSession on session null to remote] DEBUG io.netty.channel.DefaultChannelId - -Dio.netty.machineId: 00:ff:5a:ff:fe:f3:89:dd (auto-detected)
21:59:21.511 [AsyncHttpClient-1-2] DEBUG io.netty.buffer.AbstractByteBuf - -Dio.netty.buffer.checkAccessible: true
21:59:21.511 [AsyncHttpClient-1-2] DEBUG io.netty.buffer.AbstractByteBuf - -Dio.netty.buffer.checkBounds: true
21:59:21.512 [AsyncHttpClient-1-2] DEBUG io.netty.util.ResourceLeakDetectorFactory - Loaded default ResourceLeakDetector: io.netty.util.ResourceLeakDetector@1668696
21:59:21.621 [AsyncHttpClient-1-2] DEBUG org.asynchttpclient.netty.channel.NettyConnectListener - Using new Channel '[id: 0x6346ca2e, L:/127.0.0.1:52121 - R:localhost/127.0.0.1:16791]' for 'POST' to '/session'
21:59:21.754 [AsyncHttpClient-1-2] DEBUG io.netty.util.Recycler - -Dio.netty.recycler.maxCapacityPerThread: 4096
21:59:21.754 [AsyncHttpClient-1-2] DEBUG io.netty.util.Recycler - -Dio.netty.recycler.ratio: 8
21:59:21.754 [AsyncHttpClient-1-2] DEBUG io.netty.util.Recycler - -Dio.netty.recycler.chunkSize: 32
21:59:21.754 [AsyncHttpClient-1-2] DEBUG io.netty.util.Recycler - -Dio.netty.recycler.blocking: false
22:00:03.924 [AsyncHttpClient-1-2] DEBUG io.netty.handler.codec.compression.Brotli - brotli4j not in the classpath; Brotli support will be unavailable.
22:00:03.925 [AsyncHttpClient-1-2] DEBUG org.asynchttpclient.netty.handler.HttpHandler - 

Request DefaultHttpRequest(decodeResult: success, version: HTTP/1.1)
POST /session HTTP/1.1
User-Agent: selenium/4.8.1 (java windows)
Content-Length: 507
Content-Type: application/json; charset=utf-8
host: localhost:16791
accept: */*

Response DefaultHttpResponse(decodeResult: success, version: HTTP/1.1)
HTTP/1.1 500 Internal Server Error
Content-Length: 1006
Content-Type: application/json; charset=utf-8
cache-control: no-cache

22:00:04.178 [AsyncHttpClient-1-2] DEBUG org.asynchttpclient.netty.channel.ChannelManager - Adding key: http://localhost:16791 for channel [id: 0x6346ca2e, L:/127.0.0.1:52121 - R:localhost/127.0.0.1:16791]
22:00:05.013 [AsyncHttpClient-1-1] DEBUG org.asynchttpclient.netty.channel.DefaultChannelPool - Entry count for : http://localhost:16791 : 1
22:00:05.944 [AsyncHttpClient-1-2] DEBUG org.asynchttpclient.netty.handler.HttpHandler - Channel Closed: [id: 0x6346ca2e, L:/127.0.0.1:52121 ! R:localhost/127.0.0.1:16791] with attribute DISCARD
22:00:06.214 [AsyncHttpClient-1-1] DEBUG org.asynchttpclient.netty.channel.DefaultChannelPool - Entry count for : http://localhost:16791 : 1
22:00:06.214 [AsyncHttpClient-1-1] DEBUG org.asynchttpclient.netty.channel.DefaultChannelPool - Adding Candidate expired Channel [id: 0x6346ca2e, L:/127.0.0.1:52121 ! R:localhost/127.0.0.1:16791] isIdleTimeoutExpired=false isRemotelyClosed=true isTtlExpired=false
22:00:06.215 [AsyncHttpClient-1-1] DEBUG org.asynchttpclient.netty.channel.DefaultChannelPool - Closing Idle Channel [id: 0x6346ca2e, L:/127.0.0.1:52121 ! R:localhost/127.0.0.1:16791]
22:00:06.216 [AsyncHttpClient-1-1] DEBUG org.asynchttpclient.netty.channel.DefaultChannelPool - Closed 1 connections out of 1 in 2 ms
  &amp#27;[31mGiven &amp#27;[0m&amp#27;[31mI open alta-shop.vercel.app&amp#27;[0m &amp#27;[90m# starter.Stepdefintion.Loginsteps.openAltaShopPage()&amp#27;[0m
      &amp#27;[31mnet.thucydides.core.webdriver.DriverConfigurationError: Could not instantiate class org.openqa.selenium.chrome.ChromeDriver
	at net.thucydides.core.webdriver.WebDriverFacade.newDriverInstance(WebDriverFacade.java:164)
	at net.thucydides.core.webdriver.WebDriverFacade.newProxyDriver(WebDriverFacade.java:152)
	at net.thucydides.core.webdriver.WebDriverFacade.getProxiedDriver(WebDriverFacade.java:122)
	at net.thucydides.core.webdriver.WebDriverFacade.get(WebDriverFacade.java:192)
	at net.serenitybdd.core.pages.PageObject.openPageAtUrl(PageObject.java:982)
	at net.serenitybdd.core.pages.PageObject.open(PageObject.java:880)
	at net.serenitybdd.core.pages.PageObject.open(PageObject.java:868)
	at alta@1.0-SNAPSHOT/starter.Pages.Loginpages.openPage(Loginpages.java:40)
	at alta@1.0-SNAPSHOT/starter.Pages.Loginpages$ByteBuddy$41gtkC5K.openPage$accessor$JAuKnJDA(Unknown Source)
	at java.base/jdk.internal.reflect.NativeMethodAccessorImpl.invoke0(Native Method)
	at java.base/jdk.internal.reflect.NativeMethodAccessorImpl.invoke(NativeMethodAccessorImpl.java:77)
	at java.base/jdk.internal.reflect.DelegatingMethodAccessorImpl.invoke(DelegatingMethodAccessorImpl.java:43)
	at java.base/java.lang.reflect.Method.invoke(Method.java:568)
	at net.thucydides.core.steps.StepInterceptor.invokeMethod(StepInterceptor.java:518)
	at net.thucydides.core.steps.StepInterceptor.executeTestStepMethod(StepInterceptor.java:498)
	at net.thucydides.core.steps.StepInterceptor.runTestStep(StepInterceptor.java:472)
	at net.thucydides.core.steps.StepInterceptor.runOrSkipMethod(StepInterceptor.java:211)
	at net.thucydides.core.steps.StepInterceptor.testStepResult(StepInterceptor.java:198)
	at net.thucydides.core.steps.StepInterceptor.intercept(StepInterceptor.java:86)
	at net.thucydides.core.steps.ProxyConfiguration$InterceptorDispatcher.intercept(ProxyConfiguration.java:51)
	at alta@1.0-SNAPSHOT/starter.Pages.Loginpages$ByteBuddy$41gtkC5K.openPage(Unknown Source)
	at alta@1.0-SNAPSHOT/starter.Stepdefintion.Loginsteps.openAltaShopPage(Loginsteps.java:21)
	at âœ½.I open alta-shop.vercel.app(file:///C:/Users/user/Documents/GitHub/Mini-Project_IjlalGhozaPutra/Mini%20Project_Automation_Web/Mini%20Project_Automation_Web/src/test/resources/features/login.feature:4)
Caused by: net.thucydides.core.webdriver.DriverConfigurationError: WebDriver was unable to create a new instance of type class org.openqa.selenium.chrome.ChromeDriver
WebDriver reported the following message: Could not start a new session. Response code 500. Message: session not created: This version of ChromeDriver only supports Chrome version 111
Current browser version is 113.0.5672.93 with binary path C:\Program Files (x86)\Google\Chrome\Application\chrome.exe 
Host info: host: 'DESKTOP-CNARK74', ip: '192.168.56.1'
Build info: version: '4.8.1', revision: '8ebccac989'
System info: os.name: 'Windows 10', os.arch: 'amd64', os.version: '10.0', java.version: '17.0.6'
Driver info: org.openqa.selenium.chrome.ChromeDriver
Command: [null, newSession {capabilities=[Capabilities {acceptInsecureCerts: false, browserName: chrome, goog:chromeOptions: {args: [remote-allow-origins=*], extensions: []}}], desiredCapabilities=Capabilities {acceptInsecureCerts: false, browserName: chrome, goog:chromeOptions: {args: [remote-allow-origins=*], extensions: []}}}]
See below for more details.
	at net.thucydides.core.webdriver.WebDriverFactory.newWebdriverInstance(WebDriverFactory.java:150)
	at net.thucydides.core.webdriver.WebDriverFacade.newDriverInstance(WebDriverFacade.java:161)
	at net.thucydides.core.webdriver.WebDriverFacade.newProxyDriver(WebDriverFacade.java:152)
	at net.thucydides.core.webdriver.WebDriverFacade.getProxiedDriver(WebDriverFacade.java:122)
	at net.thucydides.core.webdriver.WebDriverFacade.get(WebDriverFacade.java:192)
	at net.serenitybdd.core.pages.PageObject.openPageAtUrl(PageObject.java:982)
	at net.serenitybdd.core.pages.PageObject.open(PageObject.java:880)
	at net.serenitybdd.core.pages.PageObject.open(PageObject.java:868)
	at alta@1.0-SNAPSHOT/starter.Pages.Loginpages.openPage(Loginpages.java:40)
	at alta@1.0-SNAPSHOT/starter.Pages.Loginpages$ByteBuddy$41gtkC5K.openPage$accessor$JAuKnJDA(Unknown Source)
	at java.base/jdk.internal.reflect.NativeMethodAccessorImpl.invoke0(Native Method)
	at java.base/jdk.internal.reflect.NativeMethodAccessorImpl.invoke(NativeMethodAccessorImpl.java:77)
	at java.base/jdk.internal.reflect.DelegatingMethodAccessorImpl.invoke(DelegatingMethodAccessorImpl.java:43)
	at java.base/java.lang.reflect.Method.invoke(Method.java:568)
	at net.thucydides.core.steps.StepInterceptor.invokeMethod(StepInterceptor.java:518)
	at net.thucydides.core.steps.StepInterceptor.executeTestStepMethod(StepInterceptor.java:498)
	at net.thucydides.core.steps.StepInterceptor.runTestStep(StepInterceptor.java:472)
	at net.thucydides.core.steps.StepInterceptor.runOrSkipMethod(StepInterceptor.java:211)
	at net.thucydides.core.steps.StepInterceptor.testStepResult(StepInterceptor.java:198)
	at net.thucydides.core.steps.StepInterceptor.intercept(StepInterceptor.java:86)
	at net.thucydides.core.steps.ProxyConfiguration$InterceptorDispatcher.intercept(ProxyConfiguration.java:51)
	at alta@1.0-SNAPSHOT/starter.Pages.Loginpages$ByteBuddy$41gtkC5K.openPage(Unknown Source)
	at alta@1.0-SNAPSHOT/starter.Stepdefintion.Loginsteps.openAltaShopPage(Loginsteps.java:21)
	at java.base/jdk.internal.reflect.NativeMethodAccessorImpl.invoke0(Native Method)
	at java.base/jdk.internal.reflect.NativeMethodAccessorImpl.invoke(NativeMethodAccessorImpl.java:77)
	at java.base/jdk.internal.reflect.DelegatingMethodAccessorImpl.invoke(DelegatingMethodAccessorImpl.java:43)
	at java.base/java.lang.reflect.Method.invoke(Method.java:568)
	at io.cucumber.java.Invoker.doInvoke(Invoker.java:66)
	at io.cucumber.java.Invoker.invoke(Invoker.java:24)
	at io.cucumber.java.AbstractGlueDefinition.invokeMethod(AbstractGlueDefinition.java:47)
	at io.cucumber.java.JavaStepDefinition.execute(JavaStepDefinition.java:29)
	at io.cucumber.core.runner.CoreStepDefinition.execute(CoreStepDefinition.java:66)
	at io.cucumber.core.runner.PickleStepDefinitionMatch.runStep(PickleStepDefinitionMatch.java:63)
	at io.cucumber.core.runner.ExecutionMode$1.execute(ExecutionMode.java:10)
	at io.cucumber.core.runner.TestStep.executeStep(TestStep.java:84)
	at io.cucumber.core.runner.TestStep.run(TestStep.java:56)
	at io.cucumber.core.runner.PickleStepTestStep.run(PickleStepTestStep.java:51)
	at io.cucumber.core.runner.TestCase.run(TestCase.java:84)
	at io.cucumber.core.runner.Runner.runPickle(Runner.java:75)
	at io.cucumber.junit.PickleRunners$NoStepDescriptions.lambda$run$0(PickleRunners.java:151)
	at io.cucumber.core.runtime.CucumberExecutionContext.lambda$runTestCase$5(CucumberExecutionContext.java:130)
	at io.cucumber.core.runtime.RethrowingThrowableCollector.executeAndThrow(RethrowingThrowableCollector.java:23)
	at io.cucumber.core.runtime.CucumberExecutionContext.runTestCase(CucumberExecutionContext.java:130)
	at io.cucumber.junit.PickleRunners$NoStepDescriptions.run(PickleRunners.java:148)
	at io.cucumber.junit.FeatureRunner.runChild(FeatureRunner.java:144)
	at io.cucumber.junit.FeatureRunner.runChild(FeatureRunner.java:28)
	at org.junit.runners.ParentRunner$4.run(ParentRunner.java:331)
	at org.junit.runners.ParentRunner$1.schedule(ParentRunner.java:79)
	at org.junit.runners.ParentRunner.runChildren(ParentRunner.java:329)
	at org.junit.runners.ParentRunner.access$100(ParentRunner.java:66)
	at org.junit.runners.ParentRunner$2.evaluate(ParentRunner.java:293)
	at org.junit.runners.ParentRunner$3.evaluate(ParentRunner.java:306)
	at org.junit.runners.ParentRunner.run(ParentRunner.java:413)
	at io.cucumber.junit.FeatureRunner.run(FeatureRunner.java:137)
	at io.cucumber.junit.CucumberSerenityBaseRunner.runChild(CucumberSerenityBaseRunner.java:330)
	at io.cucumber.junit.CucumberSerenityBaseRunner.runChild(CucumberSerenityBaseRunner.java:51)
	at org.junit.runners.ParentRunner$4.run(ParentRunner.java:331)
	at org.junit.runners.ParentRunner$1.schedule(ParentRunner.java:79)
	at org.junit.runners.ParentRunner.runChildren(ParentRunner.java:329)
	at org.junit.runners.ParentRunner.access$100(ParentRunner.java:66)
	at org.junit.runners.ParentRunner$2.evaluate(ParentRunner.java:293)
	at io.cucumber.junit.CucumberSerenityBaseRunner$RunCucumber.evaluate(CucumberSerenityBaseRunner.java:361)
	at org.junit.runners.ParentRunner$3.evaluate(ParentRunner.java:306)
	at org.junit.runners.ParentRunner.run(ParentRunner.java:413)
	at org.junit.runner.JUnitCore.run(JUnitCore.java:137)
	at org.junit.runner.JUnitCore.run(JUnitCore.java:115)
	at org.junit.vintage.engine.execution.RunnerExecutor.execute(RunnerExecutor.java:42)
	at org.junit.vintage.engine.VintageTestEngine.executeAllChildren(VintageTestEngine.java:80)
	at org.junit.vintage.engine.VintageTestEngine.execute(VintageTestEngine.java:72)
	at org.junit.platform.launcher.core.EngineExecutionOrchestrator.execute(EngineExecutionOrchestrator.java:107)
	at org.junit.platform.launcher.core.EngineExecutionOrchestrator.execute(EngineExecutionOrchestrator.java:88)
	at org.junit.platform.launcher.core.EngineExecutionOrchestrator.lambda$execute$0(EngineExecutionOrchestrator.java:54)
	at org.junit.platform.launcher.core.EngineExecutionOrchestrator.withInterceptedStreams(EngineExecutionOrchestrator.java:67)
	at org.junit.platform.launcher.core.EngineExecutionOrchestrator.execute(EngineExecutionOrchestrator.java:52)
	at org.junit.platform.launcher.core.DefaultLauncher.execute(DefaultLauncher.java:114)
	at org.junit.platform.launcher.core.DefaultLauncher.execute(DefaultLauncher.java:86)
	at org.junit.platform.launcher.core.DefaultLauncherSession$DelegatingLauncher.execute(DefaultLauncherSession.java:86)
	at org.junit.platform.launcher.core.SessionPerRequestLauncher.execute(SessionPerRequestLauncher.java:53)
	at org.apache.maven.surefire.junitplatform.JUnitPlatformProvider.execute(JUnitPlatformProvider.java:188)
	at org.apache.maven.surefire.junitplatform.JUnitPlatformProvider.invokeAllTests(JUnitPlatformProvider.java:154)
	at org.apache.maven.surefire.junitplatform.JUnitPlatformProvider.invoke(JUnitPlatformProvider.java:128)
	at org.apache.maven.surefire.booter.ForkedBooter.runSuitesInProcess(ForkedBooter.java:428)
	at org.apache.maven.surefire.booter.ForkedBooter.execute(ForkedBooter.java:162)
	at org.apache.maven.surefire.booter.ForkedBooter.run(ForkedBooter.java:562)
	at org.apache.maven.surefire.booter.ForkedBooter.main(ForkedBooter.java:548)
Caused by: org.openqa.selenium.SessionNotCreatedException: Could not start a new session. Response code 500. Message: session not created: This version of ChromeDriver only supports Chrome version 111
Current browser version is 113.0.5672.93 with binary path C:\Program Files (x86)\Google\Chrome\Application\chrome.exe 
Host info: host: 'DESKTOP-CNARK74', ip: '192.168.56.1'
Build info: version: '4.8.1', revision: '8ebccac989'
System info: os.name: 'Windows 10', os.arch: 'amd64', os.version: '10.0', java.version: '17.0.6'
Driver info: org.openqa.selenium.chrome.ChromeDriver
Command: [null, newSession {capabilities=[Capabilities {acceptInsecureCerts: false, browserName: chrome, goog:chromeOptions: {args: [remote-allow-origins=*], extensions: []}}], desiredCapabilities=Capabilities {acceptInsecureCerts: false, browserName: chrome, goog:chromeOptions: {args: [remote-allow-origins=*], extensions: []}}}]
	at org.openqa.selenium.remote.ProtocolHandshake.createSession(ProtocolHandshake.java:148)
	at org.openqa.selenium.remote.ProtocolHandshake.createSession(ProtocolHandshake.java:106)
	at org.openqa.selenium.remote.ProtocolHandshake.createSession(ProtocolHandshake.java:67)
	at org.openqa.selenium.remote.HttpCommandExecutor.execute(HttpCommandExecutor.java:156)
	at org.openqa.selenium.remote.service.DriverCommandExecutor.invokeExecute(DriverCommandExecutor.java:167)
	at org.openqa.selenium.remote.service.DriverCommandExecutor.execute(DriverCommandExecutor.java:142)
	at org.openqa.selenium.remote.RemoteWebDriver.execute(RemoteWebDriver.java:543)
	at org.openqa.selenium.remote.RemoteWebDriver.startSession(RemoteWebDriver.java:229)
	at org.openqa.selenium.remote.RemoteWebDriver.<init>(RemoteWebDriver.java:157)
	at org.openqa.selenium.chromium.ChromiumDriver.<init>(ChromiumDriver.java:101)
	at org.openqa.selenium.chrome.ChromeDriver.<init>(ChromeDriver.java:82)
	at org.openqa.selenium.chrome.ChromeDriver.<init>(ChromeDriver.java:71)
	at net.serenitybdd.core.webdriver.driverproviders.ChromeDriverProvider.newInstance(ChromeDriverProvider.java:73)
	at net.thucydides.core.webdriver.WebDriverFactory.createWebDriver(WebDriverFactory.java:162)
	at net.thucydides.core.webdriver.WebDriverFactory.newWebdriverInstance(WebDriverFactory.java:140)
	... 84 more
&amp#27;[0m
  &amp#27;[36mWhen &amp#27;[0m&amp#27;[36mI click login field&amp#27;[0m          &amp#27;[90m# starter.Stepdefintion.Loginsteps.clickLoginField()&amp#27;[0m
  &amp#27;[36mAnd &amp#27;[0m&amp#27;[36mI on the login page&amp#27;[0m           &amp#27;[90m# starter.Stepdefintion.Loginsteps.onTheLoginPage()&amp#27;[0m
  &amp#27;[36mAnd &amp#27;[0m&amp#27;[36mI input valid email&amp#27;[0m           &amp#27;[90m# starter.Stepdefintion.Loginsteps.inputValidEmail()&amp#27;[0m
  &amp#27;[36mAnd &amp#27;[0m&amp#27;[36mI input valid password&amp#27;[0m        &amp#27;[90m# starter.Stepdefintion.Loginsteps.inputValidPassword()&amp#27;[0m
  &amp#27;[36mAnd &amp#27;[0m&amp#27;[36mI click login button&amp#27;[0m          &amp#27;[90m# starter.Stepdefintion.Loginsteps.clickLoginButton()&amp#27;[0m
  &amp#27;[36mThen &amp#27;[0m&amp#27;[36mI succsessfully login&amp#27;[0m        &amp#27;[90m# starter.Stepdefintion.Loginsteps.succsessLogin()&amp#27;[0m
22:00:07.838 [main] ERROR  - 
  _____   ___   ___   _____     ___   ___   ___    ___    ___ 
 |_   _| | __| / __| |_   _|   | __| | _ \ | _ \  / _ \  | _ \
   | |   | _|  \__ \   | |     | _|  |   / |   / | (_) | |   /
   |_|   |___| |___/   |_|     |___| |_|_\ |_|_\  \___/  |_|_\

login to altashop account
---------------------------------------------------------------
22:00:07.863 [main] DEBUG  - RELATED ISSUES: 
22:00:08.744 [main] ERROR  -     Test failed at step: Open page
22:00:08.746 [main] ERROR  -     Could not instantiate class org.openqa.selenium.chrome.ChromeDriver
]]></system-out>
    <system-err><![CDATA[Starting ChromeDriver 111.0.5563.64 (c710e93d5b63b7095afe8c2c17df34408078439d-refs/branch-heads/5563@{#995}) on port 16791
Only local connections are allowed.
Please see https://chromedriver.chromium.org/security-considerations for suggestions on keeping ChromeDriver safe.
ChromeDriver was started successfully.
]]></system-err>
  </testcase>
  <testcase name="login without email account" classname="As a user I want login to altashop" time="13.104">
    <error type="net.thucydides.core.webdriver.DriverConfigurationError"><![CDATA[net.thucydides.core.webdriver.DriverConfigurationError: Could not instantiate class org.openqa.selenium.chrome.ChromeDriver
Caused by: net.thucydides.core.webdriver.DriverConfigurationError: 
WebDriver was unable to create a new instance of type class org.openqa.selenium.chrome.ChromeDriver
WebDriver reported the following message: Could not start a new session. Response code 500. Message: session not created: This version of ChromeDriver only supports Chrome version 111
Current browser version is 113.0.5672.93 with binary path C:\Program Files (x86)\Google\Chrome\Application\chrome.exe 
Host info: host: 'DESKTOP-CNARK74', ip: '192.168.56.1'
Build info: version: '4.8.1', revision: '8ebccac989'
System info: os.name: 'Windows 10', os.arch: 'amd64', os.version: '10.0', java.version: '17.0.6'
Driver info: org.openqa.selenium.chrome.ChromeDriver
Command: [null, newSession {capabilities=[Capabilities {acceptInsecureCerts: false, browserName: chrome, goog:chromeOptions: {args: [remote-allow-origins=*], extensions: []}}], desiredCapabilities=Capabilities {acceptInsecureCerts: false, browserName: chrome, goog:chromeOptions: {args: [remote-allow-origins=*], extensions: []}}}]
See below for more details.
Caused by: org.openqa.selenium.SessionNotCreatedException: 
Could not start a new session. Response code 500. Message: session not created: This version of ChromeDriver only supports Chrome version 111
Current browser version is 113.0.5672.93 with binary path C:\Program Files (x86)\Google\Chrome\Application\chrome.exe 
Host info: host: 'DESKTOP-CNARK74', ip: '192.168.56.1'
Build info: version: '4.8.1', revision: '8ebccac989'
System info: os.name: 'Windows 10', os.arch: 'amd64', os.version: '10.0', java.version: '17.0.6'
Driver info: org.openqa.selenium.chrome.ChromeDriver
Command: [null, newSession {capabilities=[Capabilities {acceptInsecureCerts: false, browserName: chrome, goog:chromeOptions: {args: [remote-allow-origins=*], extensions: []}}], desiredCapabilities=Capabilities {acceptInsecureCerts: false, browserName: chrome, goog:chromeOptions: {args: [remote-allow-origins=*], extensions: []}}}]
]]></error>
    <system-out><![CDATA[
Scenario: login without email account   &amp#27;[90m# src/test/resources/features/login.feature:12&amp#27;[0m
22:00:08.917 [main] DEBUG io.cucumber.core.plugin.SerenityReporter - Running feature from file:///C:/Users/user/Documents/GitHub/Mini-Project_IjlalGhozaPutra/Mini%20Project_Automation_Web/Mini%20Project_Automation_Web/src/test/resources/features/login.feature
22:00:08.935 [main] INFO  - 
  _____   ___   ___   _____     ___   _____     _     ___   _____   ___   ___  
 |_   _| | __| / __| |_   _|   / __| |_   _|   /_\   | _ \ |_   _| | __| |   \ 
   | |   | _|  \__ \   | |     \__ \   | |    / _ \  |   /   | |   | _|  | |) |
   |_|   |___| |___/   |_|     |___/   |_|   /_/ \_\ |_|_\   |_|   |___| |___/ 

login without email account(as-a-user-i-want-login-to-altashop;login-without-email-account)
--------------------------------------------------------------------------------
22:00:09.079 [main] DEBUG net.thucydides.core.steps.StepInterceptor - STARTING STEP: Loginsteps.openAltaShopPage - openPage
22:00:10.297 [main] INFO net.serenitybdd.core.webdriver.driverproviders.ChromeDriverProvider - Starting Chrome driver instance with capabilities:
22:00:10.301 [main] INFO net.serenitybdd.core.webdriver.driverproviders.ChromeDriverProvider - Capabilities {acceptInsecureCerts: false, browserName: chrome, goog:chromeOptions: {args: [remote-allow-origins=*], extensions: []}}
22:00:13.117 [AsyncHttpClient-1-3] DEBUG org.asynchttpclient.netty.channel.NettyConnectListener - Using new Channel '[id: 0xc337b713, L:/127.0.0.1:52136 - R:localhost/127.0.0.1:47917]' for 'POST' to '/session'
22:00:21.063 [AsyncHttpClient-1-3] DEBUG org.asynchttpclient.netty.handler.HttpHandler - 

Request DefaultHttpRequest(decodeResult: success, version: HTTP/1.1)
POST /session HTTP/1.1
User-Agent: selenium/4.8.1 (java windows)
Content-Length: 507
Content-Type: application/json; charset=utf-8
host: localhost:47917
accept: */*

Response DefaultHttpResponse(decodeResult: success, version: HTTP/1.1)
HTTP/1.1 500 Internal Server Error
Content-Length: 1006
Content-Type: application/json; charset=utf-8
cache-control: no-cache

22:00:21.064 [AsyncHttpClient-1-3] DEBUG org.asynchttpclient.netty.channel.ChannelManager - Adding key: http://localhost:47917 for channel [id: 0xc337b713, L:/127.0.0.1:52136 - R:localhost/127.0.0.1:47917]
22:00:21.072 [AsyncHttpClient-1-3] DEBUG org.asynchttpclient.netty.handler.HttpHandler - Channel Closed: [id: 0xc337b713, L:/127.0.0.1:52136 ! R:localhost/127.0.0.1:47917] with attribute DISCARD
  &amp#27;[31mGiven &amp#27;[0m&amp#27;[31mI open alta-shop.vercel.app&amp#27;[0m     &amp#27;[90m# starter.Stepdefintion.Loginsteps.openAltaShopPage()&amp#27;[0m
      &amp#27;[31mnet.thucydides.core.webdriver.DriverConfigurationError: Could not instantiate class org.openqa.selenium.chrome.ChromeDriver
	at net.thucydides.core.webdriver.WebDriverFacade.newDriverInstance(WebDriverFacade.java:164)
	at net.thucydides.core.webdriver.WebDriverFacade.newProxyDriver(WebDriverFacade.java:152)
	at net.thucydides.core.webdriver.WebDriverFacade.getProxiedDriver(WebDriverFacade.java:122)
	at net.thucydides.core.webdriver.WebDriverFacade.get(WebDriverFacade.java:192)
	at net.serenitybdd.core.pages.PageObject.openPageAtUrl(PageObject.java:982)
	at net.serenitybdd.core.pages.PageObject.open(PageObject.java:880)
	at net.serenitybdd.core.pages.PageObject.open(PageObject.java:868)
	at alta@1.0-SNAPSHOT/starter.Pages.Loginpages.openPage(Loginpages.java:40)
	at alta@1.0-SNAPSHOT/starter.Pages.Loginpages$ByteBuddy$41gtkC5K.openPage$accessor$JAuKnJDA(Unknown Source)
	at java.base/jdk.internal.reflect.NativeMethodAccessorImpl.invoke0(Native Method)
	at java.base/jdk.internal.reflect.NativeMethodAccessorImpl.invoke(NativeMethodAccessorImpl.java:77)
	at java.base/jdk.internal.reflect.DelegatingMethodAccessorImpl.invoke(DelegatingMethodAccessorImpl.java:43)
	at java.base/java.lang.reflect.Method.invoke(Method.java:568)
	at net.thucydides.core.steps.StepInterceptor.invokeMethod(StepInterceptor.java:518)
	at net.thucydides.core.steps.StepInterceptor.executeTestStepMethod(StepInterceptor.java:498)
	at net.thucydides.core.steps.StepInterceptor.runTestStep(StepInterceptor.java:472)
	at net.thucydides.core.steps.StepInterceptor.runOrSkipMethod(StepInterceptor.java:211)
	at net.thucydides.core.steps.StepInterceptor.testStepResult(StepInterceptor.java:198)
	at net.thucydides.core.steps.StepInterceptor.intercept(StepInterceptor.java:86)
	at net.thucydides.core.steps.ProxyConfiguration$InterceptorDispatcher.intercept(ProxyConfiguration.java:51)
	at alta@1.0-SNAPSHOT/starter.Pages.Loginpages$ByteBuddy$41gtkC5K.openPage(Unknown Source)
	at alta@1.0-SNAPSHOT/starter.Stepdefintion.Loginsteps.openAltaShopPage(Loginsteps.java:21)
	at âœ½.I open alta-shop.vercel.app(file:///C:/Users/user/Documents/GitHub/Mini-Project_IjlalGhozaPutra/Mini%20Project_Automation_Web/Mini%20Project_Automation_Web/src/test/resources/features/login.feature:13)
Caused by: net.thucydides.core.webdriver.DriverConfigurationError: WebDriver was unable to create a new instance of type class org.openqa.selenium.chrome.ChromeDriver
WebDriver reported the following message: Could not start a new session. Response code 500. Message: session not created: This version of ChromeDriver only supports Chrome version 111
Current browser version is 113.0.5672.93 with binary path C:\Program Files (x86)\Google\Chrome\Application\chrome.exe 
Host info: host: 'DESKTOP-CNARK74', ip: '192.168.56.1'
Build info: version: '4.8.1', revision: '8ebccac989'
System info: os.name: 'Windows 10', os.arch: 'amd64', os.version: '10.0', java.version: '17.0.6'
Driver info: org.openqa.selenium.chrome.ChromeDriver
Command: [null, newSession {capabilities=[Capabilities {acceptInsecureCerts: false, browserName: chrome, goog:chromeOptions: {args: [remote-allow-origins=*], extensions: []}}], desiredCapabilities=Capabilities {acceptInsecureCerts: false, browserName: chrome, goog:chromeOptions: {args: [remote-allow-origins=*], extensions: []}}}]
See below for more details.
	at net.thucydides.core.webdriver.WebDriverFactory.newWebdriverInstance(WebDriverFactory.java:150)
	at net.thucydides.core.webdriver.WebDriverFacade.newDriverInstance(WebDriverFacade.java:161)
	at net.thucydides.core.webdriver.WebDriverFacade.newProxyDriver(WebDriverFacade.java:152)
	at net.thucydides.core.webdriver.WebDriverFacade.getProxiedDriver(WebDriverFacade.java:122)
	at net.thucydides.core.webdriver.WebDriverFacade.get(WebDriverFacade.java:192)
	at net.serenitybdd.core.pages.PageObject.openPageAtUrl(PageObject.java:982)
	at net.serenitybdd.core.pages.PageObject.open(PageObject.java:880)
	at net.serenitybdd.core.pages.PageObject.open(PageObject.java:868)
	at alta@1.0-SNAPSHOT/starter.Pages.Loginpages.openPage(Loginpages.java:40)
	at alta@1.0-SNAPSHOT/starter.Pages.Loginpages$ByteBuddy$41gtkC5K.openPage$accessor$JAuKnJDA(Unknown Source)
	at java.base/jdk.internal.reflect.NativeMethodAccessorImpl.invoke0(Native Method)
	at java.base/jdk.internal.reflect.NativeMethodAccessorImpl.invoke(NativeMethodAccessorImpl.java:77)
	at java.base/jdk.internal.reflect.DelegatingMethodAccessorImpl.invoke(DelegatingMethodAccessorImpl.java:43)
	at java.base/java.lang.reflect.Method.invoke(Method.java:568)
	at net.thucydides.core.steps.StepInterceptor.invokeMethod(StepInterceptor.java:518)
	at net.thucydides.core.steps.StepInterceptor.executeTestStepMethod(StepInterceptor.java:498)
	at net.thucydides.core.steps.StepInterceptor.runTestStep(StepInterceptor.java:472)
	at net.thucydides.core.steps.StepInterceptor.runOrSkipMethod(StepInterceptor.java:211)
	at net.thucydides.core.steps.StepInterceptor.testStepResult(StepInterceptor.java:198)
	at net.thucydides.core.steps.StepInterceptor.intercept(StepInterceptor.java:86)
	at net.thucydides.core.steps.ProxyConfiguration$InterceptorDispatcher.intercept(ProxyConfiguration.java:51)
	at alta@1.0-SNAPSHOT/starter.Pages.Loginpages$ByteBuddy$41gtkC5K.openPage(Unknown Source)
	at alta@1.0-SNAPSHOT/starter.Stepdefintion.Loginsteps.openAltaShopPage(Loginsteps.java:21)
	at java.base/jdk.internal.reflect.NativeMethodAccessorImpl.invoke0(Native Method)
	at java.base/jdk.internal.reflect.NativeMethodAccessorImpl.invoke(NativeMethodAccessorImpl.java:77)
	at java.base/jdk.internal.reflect.DelegatingMethodAccessorImpl.invoke(DelegatingMethodAccessorImpl.java:43)
	at java.base/java.lang.reflect.Method.invoke(Method.java:568)
	at io.cucumber.java.Invoker.doInvoke(Invoker.java:66)
	at io.cucumber.java.Invoker.invoke(Invoker.java:24)
	at io.cucumber.java.AbstractGlueDefinition.invokeMethod(AbstractGlueDefinition.java:47)
	at io.cucumber.java.JavaStepDefinition.execute(JavaStepDefinition.java:29)
	at io.cucumber.core.runner.CoreStepDefinition.execute(CoreStepDefinition.java:66)
	at io.cucumber.core.runner.PickleStepDefinitionMatch.runStep(PickleStepDefinitionMatch.java:63)
	at io.cucumber.core.runner.ExecutionMode$1.execute(ExecutionMode.java:10)
	at io.cucumber.core.runner.TestStep.executeStep(TestStep.java:84)
	at io.cucumber.core.runner.TestStep.run(TestStep.java:56)
	at io.cucumber.core.runner.PickleStepTestStep.run(PickleStepTestStep.java:51)
	at io.cucumber.core.runner.TestCase.run(TestCase.java:84)
	at io.cucumber.core.runner.Runner.runPickle(Runner.java:75)
	at io.cucumber.junit.PickleRunners$NoStepDescriptions.lambda$run$0(PickleRunners.java:151)
	at io.cucumber.core.runtime.CucumberExecutionContext.lambda$runTestCase$5(CucumberExecutionContext.java:130)
	at io.cucumber.core.runtime.RethrowingThrowableCollector.executeAndThrow(RethrowingThrowableCollector.java:23)
	at io.cucumber.core.runtime.CucumberExecutionContext.runTestCase(CucumberExecutionContext.java:130)
	at io.cucumber.junit.PickleRunners$NoStepDescriptions.run(PickleRunners.java:148)
	at io.cucumber.junit.FeatureRunner.runChild(FeatureRunner.java:144)
	at io.cucumber.junit.FeatureRunner.runChild(FeatureRunner.java:28)
	at org.junit.runners.ParentRunner$4.run(ParentRunner.java:331)
	at org.junit.runners.ParentRunner$1.schedule(ParentRunner.java:79)
	at org.junit.runners.ParentRunner.runChildren(ParentRunner.java:329)
	at org.junit.runners.ParentRunner.access$100(ParentRunner.java:66)
	at org.junit.runners.ParentRunner$2.evaluate(ParentRunner.java:293)
	at org.junit.runners.ParentRunner$3.evaluate(ParentRunner.java:306)
	at org.junit.runners.ParentRunner.run(ParentRunner.java:413)
	at io.cucumber.junit.FeatureRunner.run(FeatureRunner.java:137)
	at io.cucumber.junit.CucumberSerenityBaseRunner.runChild(CucumberSerenityBaseRunner.java:330)
	at io.cucumber.junit.CucumberSerenityBaseRunner.runChild(CucumberSerenityBaseRunner.java:51)
	at org.junit.runners.ParentRunner$4.run(P22:00:21.613 [AsyncHttpClient-1-1] DEBUG org.asynchttpclient.netty.channel.DefaultChannelPool - Entry count for : http://localhost:47917 : 1
22:00:21.613 [AsyncHttpClient-1-1] DEBUG org.asynchttpclient.netty.channel.DefaultChannelPool - Adding Candidate expired Channel [id: 0xc337b713, L:/127.0.0.1:52136 ! R:localhost/127.0.0.1:47917] isIdleTimeoutExpired=false isRemotelyClosed=true isTtlExpired=false
arentRunner.java:331)
	at org.junit.runners.ParentRunner$1.schedule(ParentRunner.java:79)
	at org.junit.runners.ParentRunner.runChildren(ParentRunner.java:329)
	at org.junit.runners.ParentRunner.access$100(ParentRunner.java:66)
	at org.junit.runners.ParentRunner$2.evaluate(ParentRunner.java:293)
	at io.cucumber.junit.CucumberSerenityBaseRunner$RunCucumber.evaluate(CucumberSerenityBaseRunner.java:361)
	at org.junit.runners.ParentRunner$3.evaluate(ParentRunner.java:306)
	at org.junit.runners.ParentRunner.run(ParentRunner.java:413)
	at org.junit.runner.JUnitCore.run(JUnitCore.java:137)
	at org.junit.runner.JUnitCore.run(JUnitCore.java:115)
	at org.junit.vintage.engine.execution.RunnerExecutor.execute(RunnerExecutor.java:42)
	at org.junit.vintage.engine.VintageTestEngine.executeAllChildren(VintageTestEngine.java:80)
	at org.junit.vintage.engine.VintageTestEngine.execute(VintageTestEngine.java:72)
	at org.junit.platform.launcher.core.EngineExecutionOrchestrator.execute(EngineExecutionOrchestrator.java:107)
	at org.junit.platform.launcher.core.EngineExecutionOrchestrator.execute(EngineExecutionOrchestrator.java:88)
	at org.junit.platform.launcher.core.EngineExecutionOrchestrator.lambda$execute$0(EngineExecutionOrchestrator.java:54)
	at org.junit.platform.launcher.core.EngineExecutionOrchestrator.withInterceptedStreams(EngineExecutionOrchestrator.java:67)
	at org.junit.platform.launcher.core.EngineExecutionOrchestrator.execute(EngineExecutionOrchestrator.java:52)
	at org.junit.platform.launcher.core.DefaultLauncher.execute(DefaultLauncher.java:114)
	at org.junit.platform.launcher.core.DefaultLauncher.execute(DefaultLauncher.java:86)
	at org.junit.platform.launcher.core.DefaultLauncherSession$DelegatingLauncher.execute(DefaultLauncherSession.java:86)
	at org.junit.platform.launcher.core.SessionPerRequestLauncher.execute(SessionPerRequestLauncher.java:53)
	at org.apache.maven.surefire.junitplatform.JUnitPlatformProvider.execute(JUnitPlatformProvider.java:188)
	at org.apache.maven.surefire.junitplatform.JUnitPlatformProvider.invokeAllTests(JUnitPlatformProvider.java:154)
	at org.apache.maven.surefire.junitplatform.JUnitPlatformProvider.invoke(JUnitPlatformProvider.java:128)
	at org.apache.maven.surefire.booter.ForkedBooter.runSuitesInProcess(ForkedBooter.java:428)
	at org.apache.maven.surefire.booter.ForkedBooter.execute(ForkedBooter.java:162)
	at org.apache.maven.surefire.booter.ForkedBooter.run(ForkedBooter.java:562)
	at org.apache.maven.surefire.booter.ForkedBooter.main(ForkedBooter.java:548)
Caused by: org.openqa.selenium.SessionNotCreatedException: Could not start a new session. Response code 500. Message: session not created: This version of ChromeDriver only supports Chrome version 111
Current browser version is 113.0.5672.93 with binary path C:\Program Files (x86)\Google\Chrome\Application\chrome.exe 
Host info: host: 'DESKTOP-CNARK74', ip: '192.168.56.1'
Build info: version: '4.8.1', revision: '8ebccac989'
System info: os.name: 'Windows 10', os.arch: 'amd64', os.version: '10.0', java.version: '17.0.6'
Driver info: org.openqa.selenium.chrome.ChromeDriver
Command: [null, newSession {capabilities=[Capabilities {acceptInsecureCerts: false, browserName: chrome, goog:chromeOptions: {args: [remote-allow-origins=*], extensions: []}}], desiredCapabilities=Capabilities {acceptInsecureCerts: false, browserName: chrome, goog:chromeOptions: {args: [remote-allow-origins=*], extensions: []}}}]
	at org.openqa.selenium.remote.ProtocolHandshake.createSession(ProtocolHandshake.java:148)
	at org.openqa.selenium.remote.ProtocolHandshake.createSession(ProtocolHandshake.java:106)
	at org.openqa.selenium.remote.ProtocolHandshake.createSession(ProtocolHandshake.java:67)
	at org.openqa.selenium.remote.HttpCommandExecutor.execute(HttpCommandExecutor.java:156)
	at org.openqa.selenium.remote.service.DriverCommandExecutor.invokeExecute(DriverCommandExecutor.java:167)
	at org.openqa.selenium.remote.service.DriverCommandExecutor.execute(DriverCommandExecutor.java:142)
	at org.openqa.selenium.remote.RemoteWebDriver.execute(RemoteWebDriver.java:543)
	at org.openqa.selenium.remote.RemoteWebDriver.startSession(RemoteWebDriver.java:229)
	at org.openqa.selenium.remote.RemoteWebDriver.<init>(RemoteWebDriver.java:157)
	at org.openqa.selenium.chromium.ChromiumDriver.<init>(ChromiumDriver.java:101)
	at org.openqa.selenium.chrome.ChromeDriver.<init>(ChromeDriver.java:82)
	at org.openqa.selenium.chrome.ChromeDriver.<init>(ChromeDriver.java:71)
	at net.serenitybdd.core.webdriver.driverproviders.ChromeDriverProvider.newInstance(ChromeDriverProvider.java:73)
	at net.thucydides.core.webdriver.WebDriverFactory.createWebDriver(WebDriverFactory.java:162)
	at net.thucydides.core.webdriver.WebDriverFactory.newWebdriverInstance(WebDriverFactory.java:140)
	... 84 more
&amp#27;[0m
22:00:21.613 [AsyncHttpClient-1-1] DEBUG org.asynchttpclient.netty.channel.DefaultChannelPool - Closing Idle Channel [id: 0xc337b713, L:/127.0.0.1:52136 ! R:localhost/127.0.0.1:47917]
22:00:21.614 [AsyncHttpClient-1-1] DEBUG org.asynchttpclient.netty.channel.DefaultChannelPool - Closed 1 connections out of 1 in 1 ms
  &amp#27;[36mWhen &amp#27;[0m&amp#27;[36mI click login field&amp#27;[0m              &amp#27;[90m# starter.Stepdefintion.Loginsteps.clickLoginField()&amp#27;[0m
  &amp#27;[36mAnd &amp#27;[0m&amp#27;[36mI on the login page&amp#27;[0m               &amp#27;[90m# starter.Stepdefintion.Loginsteps.onTheLoginPage()&amp#27;[0m
  &amp#27;[36mAnd &amp#27;[0m&amp#27;[36mI input valid email&amp#27;[0m               &amp#27;[90m# starter.Stepdefintion.Loginsteps.inputValidEmail()&amp#27;[0m
  &amp#27;[36mAnd &amp#27;[0m&amp#27;[36mI click login button&amp#27;[0m              &amp#27;[90m# starter.Stepdefintion.Loginsteps.clickLoginButton()&amp#27;[0m
  &amp#27;[36mThen &amp#27;[0m&amp#27;[36mI can't login to altasop account&amp#27;[0m &amp#27;[90m# starter.Stepdefintion.Loginsteps.cantLoginToAltasopAccount()&amp#27;[0m
22:00:21.895 [main] ERROR  - 
  _____   ___   ___   _____     ___   ___   ___    ___    ___ 
 |_   _| | __| / __| |_   _|   | __| | _ \ | _ \  / _ \  | _ \
   | |   | _|  \__ \   | |     | _|  |   / |   / | (_) | |   /
   |_|   |___| |___/   |_|     |___| |_|_\ |_|_\  \___/  |_|_\

login without email account
---------------------------------------------------------------
22:00:21.895 [main] DEBUG  - RELATED ISSUES: 
22:00:21.896 [main] ERROR  -     Test failed at step: Open page
22:00:21.897 [main] ERROR  -     Could not instantiate class org.openqa.selenium.chrome.ChromeDriver
]]></system-out>
    <system-err><![CDATA[Starting ChromeDriver 111.0.5563.64 (c710e93d5b63b7095afe8c2c17df34408078439d-refs/branch-heads/5563@{#995}) on port 47917
Only local connections are allowed.
Please see https://chromedriver.chromium.org/security-considerations for suggestions on keeping ChromeDriver safe.
ChromeDriver was started successfully.
]]></system-err>
  </testcase>
  <testcase name="login without password account" classname="As a user I want login to altashop" time="8.346">
    <error type="net.thucydides.core.webdriver.DriverConfigurationError"><![CDATA[net.thucydides.core.webdriver.DriverConfigurationError: Could not instantiate class org.openqa.selenium.chrome.ChromeDriver
Caused by: net.thucydides.core.webdriver.DriverConfigurationError: 
WebDriver was unable to create a new instance of type class org.openqa.selenium.chrome.ChromeDriver
WebDriver reported the following message: Could not start a new session. Response code 500. Message: session not created: This version of ChromeDriver only supports Chrome version 111
Current browser version is 113.0.5672.93 with binary path C:\Program Files (x86)\Google\Chrome\Application\chrome.exe 
Host info: host: 'DESKTOP-CNARK74', ip: '192.168.56.1'
Build info: version: '4.8.1', revision: '8ebccac989'
System info: os.name: 'Windows 10', os.arch: 'amd64', os.version: '10.0', java.version: '17.0.6'
Driver info: org.openqa.selenium.chrome.ChromeDriver
Command: [null, newSession {capabilities=[Capabilities {acceptInsecureCerts: false, browserName: chrome, goog:chromeOptions: {args: [remote-allow-origins=*], extensions: []}}], desiredCapabilities=Capabilities {acceptInsecureCerts: false, browserName: chrome, goog:chromeOptions: {args: [remote-allow-origins=*], extensions: []}}}]
See below for more details.
Caused by: org.openqa.selenium.SessionNotCreatedException: 
Could not start a new session. Response code 500. Message: session not created: This version of ChromeDriver only supports Chrome version 111
Current browser version is 113.0.5672.93 with binary path C:\Program Files (x86)\Google\Chrome\Application\chrome.exe 
Host info: host: 'DESKTOP-CNARK74', ip: '192.168.56.1'
Build info: version: '4.8.1', revision: '8ebccac989'
System info: os.name: 'Windows 10', os.arch: 'amd64', os.version: '10.0', java.version: '17.0.6'
Driver info: org.openqa.selenium.chrome.ChromeDriver
Command: [null, newSession {capabilities=[Capabilities {acceptInsecureCerts: false, browserName: chrome, goog:chromeOptions: {args: [remote-allow-origins=*], extensions: []}}], desiredCapabilities=Capabilities {acceptInsecureCerts: false, browserName: chrome, goog:chromeOptions: {args: [remote-allow-origins=*], extensions: []}}}]
]]></error>
    <system-out><![CDATA[
Scenario: login without password account &amp#27;[90m# src/test/resources/features/login.feature:20&amp#27;[0m
22:00:21.945 [main] DEBUG io.cucumber.core.plugin.SerenityReporter - Running feature from file:///C:/Users/user/Documents/GitHub/Mini-Project_IjlalGhozaPutra/Mini%20Project_Automation_Web/Mini%20Project_Automation_Web/src/test/resources/features/login.feature
22:00:21.955 [main] INFO  - 
  _____   ___   ___   _____     ___   _____     _     ___   _____   ___   ___  
 |_   _| | __| / __| |_   _|   / __| |_   _|   /_\   | _ \ |_   _| | __| |   \ 
   | |   | _|  \__ \   | |     \__ \   | |    / _ \  |   /   | |   | _|  | |) |
   |_|   |___| |___/   |_|     |___/   |_|   /_/ \_\ |_|_\   |_|   |___| |___/ 

login without password account(as-a-user-i-want-login-to-altashop;login-without-password-account)
--------------------------------------------------------------------------------
22:00:22.043 [main] DEBUG net.thucydides.core.steps.StepInterceptor - STARTING STEP: Loginsteps.openAltaShopPage - openPage
22:00:22.225 [main] INFO net.serenitybdd.core.webdriver.driverproviders.ChromeDriverProvider - Starting Chrome driver instance with capabilities:
22:00:22.226 [main] INFO net.serenitybdd.core.webdriver.driverproviders.ChromeDriverProvider - Capabilities {acceptInsecureCerts: false, browserName: chrome, goog:chromeOptions: {args: [remote-allow-origins=*], extensions: []}}
22:00:22.861 [AsyncHttpClient-1-4] DEBUG org.asynchttpclient.netty.channel.NettyConnectListener - Using new Channel '[id: 0x2d4ddcd0, L:/127.0.0.1:52146 - R:localhost/127.0.0.1:45524]' for 'POST' to '/session'
22:00:29.429 [AsyncHttpClient-1-4] DEBUG org.asynchttpclient.netty.handler.HttpHandler - 

Request DefaultHttpRequest(decodeResult: success, version: HTTP/1.1)
POST /session HTTP/1.1
User-Agent: selenium/4.8.1 (java windows)
Content-Length: 507
Content-Type: application/json; charset=utf-8
host: localhost:45524
accept: */*

Response DefaultHttpResponse(decodeResult: success, version: HTTP/1.1)
HTTP/1.1 500 Internal Server Error
Content-Length: 1006
Content-Type: application/json; charset=utf-8
cache-control: no-cache

22:00:29.431 [AsyncHttpClient-1-4] DEBUG org.asynchttpclient.netty.channel.ChannelManager - Adding key: http://localhost:45524 for channel [id: 0x2d4ddcd0, L:/127.0.0.1:52146 - R:localhost/127.0.0.1:45524]
22:00:29.441 [AsyncHttpClient-1-4] DEBUG org.asynchttpclient.netty.handler.HttpHandler - Channel Closed: [id: 0x2d4ddcd0, L:/127.0.0.1:52146 ! R:localhost/127.0.0.1:45524] with attribute DISCARD
  &amp#27;[31mGiven &amp#27;[0m&amp#27;[31mI open alta-shop.vercel.app&amp#27;[0m      &amp#27;[90m# starter.Stepdefintion.Loginsteps.openAltaShopPage()&amp#27;[0m
      &amp#27;[31mnet.thucydides.core.webdriver.DriverConfigurationError: Could not instantiate class org.openqa.selenium.chrome.ChromeDriver
	at net.thucydides.core.webdriver.WebDriverFacade.newDriverInstance(WebDriverFacade.java:164)
	at net.thucydides.core.webdriver.WebDriverFacade.newProxyDriver(WebDriverFacade.java:152)
	at net.thucydides.core.webdriver.WebDriverFacade.getProxiedDriver(WebDriverFacade.java:122)
	at net.thucydides.core.webdriver.WebDriverFacade.get(WebDriverFacade.java:192)
	at net.serenitybdd.core.pages.PageObject.openPageAtUrl(PageObject.java:982)
	at net.serenitybdd.core.pages.PageObject.open(PageObject.java:880)
	at net.serenitybdd.core.pages.PageObject.open(PageObject.java:868)
	at alta@1.0-SNAPSHOT/starter.Pages.Loginpages.openPage(Loginpages.java:40)
	at alta@1.0-SNAPSHOT/starter.Pages.Loginpages$ByteBuddy$41gtkC5K.openPage$accessor$JAuKnJDA(Unknown Source)
	at java.base/jdk.internal.reflect.NativeMethodAccessorImpl.invoke0(Native Method)
	at java.base/jdk.internal.reflect.NativeMethodAccessorImpl.invoke(NativeMethodAccessorImpl.java:77)
	at java.base/jdk.internal.reflect.DelegatingMethodAccessorImpl.invoke(DelegatingMethodAccessorImpl.java:43)
	at java.base/java.lang.reflect.Method.invoke(Method.java:568)
	at net.thucydides.core.steps.StepInterceptor.invokeMethod(StepInterceptor.java:518)
	at net.thucydides.core.steps.StepInterceptor.executeTestStepMethod(StepInterceptor.java:498)
	at net.thucydides.core.steps.StepInterceptor.runTestStep(StepInterceptor.java:472)
	at net.thucydides.core.steps.StepInterceptor.runOrSkipMethod(StepInterceptor.java:211)
	at net.thucydides.core.steps.StepInterceptor.testStepResult(StepInterceptor.java:198)
	at net.thucydides.core.steps.StepInterceptor.intercept(StepInterceptor.java:86)
	at net.thucydides.core.steps.ProxyConfiguration$InterceptorDispatcher.intercept(ProxyConfiguration.java:51)
	at alta@1.0-SNAPSHOT/starter.Pages.Loginpages$ByteBuddy$41gtkC5K.openPage(Unknown Source)
	at alta@1.0-SNAPSHOT/starter.Stepdefintion.Loginsteps.openAltaShopPage(Loginsteps.java:21)
	at âœ½.I open alta-shop.vercel.app(file:///C:/Users/user/Documents/GitHub/Mini-Project_IjlalGhozaPutra/Mini%20Project_Automation_Web/Mini%20Project_Automation_Web/src/test/resources/features/login.feature:21)
Caused by: net.thucydides.core.webdriver.DriverConfigurationError: WebDriver was unable to create a new instance of type class org.openqa.selenium.chrome.ChromeDriver
WebDriver reported the following message: Could not start a new session. Response code 500. Message: session not created: This version of ChromeDriver only supports Chrome version 111
Current browser version is 113.0.5672.93 with binary path C:\Program Files (x86)\Google\Chrome\Application\chrome.exe 
Host info: host: 'DESKTOP-CNARK74', ip: '192.168.56.1'
Build info: version: '4.8.1', revision: '8ebccac989'
System info: os.name: 'Windows 10', os.arch: 'amd64', os.version: '10.0', java.version: '17.0.6'
Driver info: org.openqa.selenium.chrome.ChromeDriver
Command: [null, newSession {capabilities=[Capabilities {acceptInsecureCerts: false, browserName: chrome, goog:chromeOptions: {args: [remote-allow-origins=*], extensions: []}}], desiredCapabilities=Capabilities {acceptInsecureCerts: false, browserName: chrome, goog:chromeOptions: {args: [remote-allow-origins=*], extensions: []}}}]
See below for more details.
	at net.thucydides.core.webdriver.WebDriverFactory.newWebdriverInstance(WebDriverFactory.java:150)
	at net.thucydides.core.webdriver.WebDriverFacade.newDriverInstance(WebDriverFacade.java:161)
	at net.thucydides.core.webdriver.WebDriverFacade.newProxyDriver(WebDriverFacade.java:152)
	at net.thucydides.core.webdriver.WebDriverFacade.getProxiedDriver(WebDriverFacade.java:122)
	at net.thucydides.core.webdriver.WebDriverFacade.get(WebDriverFacade.java:192)
	at net.serenitybdd.core.pages.PageObject.openPageAtUrl(PageObject.java:982)
	at net.serenitybdd.core.pages.PageObject.open(PageObject.java:880)
	at net.serenitybdd.core.pages.PageObject.open(PageObject.java:868)
	at alta@1.0-SNAPSHOT/starter.Pages.Loginpages.openPage(Loginpages.java:40)
	at alta@1.0-SNAPSHOT/starter.Pages.Loginpages$ByteBuddy$41gtkC5K.openPage$accessor$JAuKnJDA(Unknown Source)
	at java.base/jdk.internal.reflect.NativeMethodAccessorImpl.invoke0(Native Method)
	at java.base/jdk.internal.reflect.NativeMethodAccessorImpl.invoke(NativeMethodAccessorImpl.java:77)
	at java.base/jdk.internal.reflect.DelegatingMethodAccessorImpl.invoke(DelegatingMethodAccessorImpl.java:43)
	at java.base/java.lang.reflect.Method.invoke(Method.java:568)
	at net.thucydides.core.steps.StepInterceptor.invokeMethod(StepInterceptor.java:518)
	at net.thucydides.core.steps.StepInterceptor.executeTestStepMethod(StepInterceptor.java:498)
	at net.thucydides.core.steps.StepInterceptor.runTestStep(StepInterceptor.java:472)
	at net.thucydides.core.steps.StepInterceptor.runOrSkipMethod(StepInterceptor.java:211)
	at net.thucydides.core.steps.StepInterceptor.testStepResult(StepInterceptor.java:198)
	at net.thucydides.core.steps.StepInterceptor.intercept(StepInterceptor.java:86)
	at net.thucydides.core.steps.ProxyConfiguration$InterceptorDispatcher.intercept(ProxyConfiguration.java:51)
	at alta@1.0-SNAPSHOT/starter.Pages.Loginpages$ByteBuddy$41gtkC5K.openPage(Unknown Source)
	at alta@1.0-SNAPSHOT/starter.Stepdefintion.Loginsteps.openAltaShopPage(Loginsteps.java:21)
	at java.base/jdk.internal.reflect.NativeMethodAccessorImpl.invoke0(Native Method)
	at java.base/jdk.internal.reflect.NativeMethodAccessorImpl.invoke(NativeMethodAccessorImpl.java:77)
	at java.base/jdk.internal.reflect.DelegatingMethodAccessorImpl.invoke(DelegatingMethodAccessorImpl.java:43)
	at java.base/java.lang.reflect.Method.invoke(Method.java:568)
	at io.cucumber.java.Invoker.doInvoke(Invoker.java:66)
	at io.cucumber.java.Invoker.invoke(Invoker.java:24)
	at io.cucumber.java.AbstractGlueDefinition.invokeMethod(AbstractGlueDefinition.java:47)
	at io.cucumber.java.JavaStepDefinition.execute(JavaStepDefinition.java:29)
	at io.cucumber.core.runner.CoreStepDefinition.execute(CoreStepDefinition.java:66)
	at io.cucumber.core.runner.PickleStepDefinitionMatch.runStep(PickleStepDefinitionMatch.java:63)
	at io.cucumber.core.runner.ExecutionMode$1.execute(ExecutionMode.java:10)
	at io.cucumber.core.runner.TestStep.executeStep(TestStep.java:84)
	at io.cucumber.core.runner.TestStep.run(TestStep.java:56)
	at io.cucumber.core.runner.PickleStepTestStep.run(PickleStepTestStep.java:51)
	at io.cucumber.core.runner.TestCase.run(TestCase.java:84)
	at io.cucumber.core.runner.Runner.runPickle(Runner.java:75)
	at io.cucumber.junit.PickleRunners$NoStepDescriptions.lambda$run$0(PickleRunners.java:151)
	at io.cucumber.core.runtime.CucumberExecutionContext.lambda$runTestCase$5(CucumberExecutionContext.java:130)
	at io.cucumber.core.runtime.RethrowingThrowableCollector.executeAndThrow(RethrowingThrowableCollector.java:23)
	at io.cucumber.core.runtime.CucumberExecutionContext.runTestCase(CucumberExecutionContext.java:130)
	at io.cucumber.junit.PickleRunners$NoStepDescriptions.run(PickleRunners.java:148)
	at io.cucumber.junit.FeatureRunner.runChild(FeatureRunner.java:144)
[...]
  &amp#27;[31mGiven &amp#27;[0m&amp#27;[31mI open alta-shop.vercel.app&amp#27;[0m        &amp#27;[90m# starter.Stepdefintion.Loginsteps.openAltaShopPage()&amp#27;[0m
      &amp#27;[31mnet.thucydides.core.webdriver.DriverConfigurationError: Could not instantiate class org.openqa.selenium.chrome.ChromeDriver
	at net.thucydides.core.webdriver.WebDriverFacade.newDriverInstance(WebDriverFacade.java:164)
	at net.thucydides.core.webdriver.WebDriverFacade.newProxyDriver(WebDriverFacade.java:152)
	at net.thucydides.core.webdriver.WebDriverFacade.getProxiedDriver(WebDriverFacade.java:122)
	at net.thucydides.core.webdriver.WebDriverFacade.get(WebDriverFacade.java:192)
	at net.serenitybdd.core.pages.PageObject.openPageAtUrl(PageObject.java:982)
	at net.serenitybdd.core.pages.PageObject.open(PageObject.java:880)
	at net.serenitybdd.core.pages.PageObject.open(PageObject.java:868)
	at alta@1.0-SNAPSHOT/starter.Pages.Loginpages.openPage(Loginpages.java:40)
	at alta@1.0-SNAPSHOT/starter.Pages.Loginpages$ByteBuddy$41gtkC5K.openPage$accessor$JAuKnJDA(Unknown Source)
	at java.base/jdk.internal.reflect.NativeMethodAccessorImpl.invoke0(Native Method)
	at java.base/jdk.internal.reflect.NativeMethodAccessorImpl.invoke(NativeMethodAccessorImpl.java:77)
	at java.base/jdk.internal.reflect.DelegatingMethodAccessorImpl.invoke(DelegatingMethodAccessorImpl.java:43)
	at java.base/java.lang.reflect.Method.invoke(Method.java:568)
	at net.thucydides.core.steps.StepInterceptor.invokeMethod(StepInterceptor.java:518)
	at net.thucydides.core.steps.StepInterceptor.executeTestStepMethod(StepInterceptor.java:498)
	at net.thucydides.core.steps.StepInterceptor.runTestStep(StepInterceptor.java:472)
	at net.thucydides.core.steps.StepInterceptor.runOrSkipMethod(StepInterceptor.java:211)
	at net.thucydides.core.steps.StepInterceptor.testStepResult(StepInterceptor.java:198)
	at net.thucydides.core.steps.StepInterceptor.intercept(StepInterceptor.java:86)
	at net.thucydides.core.steps.ProxyConfiguration$InterceptorDispatcher.intercept(ProxyConfiguration.java:51)
	at alta@1.0-SNAPSHOT/starter.Pages.Loginpages$ByteBuddy$41gtkC5K.openPage(Unknown Source)
	at alta@1.0-SNAPSHOT/starter.Stepdefintion.Loginsteps.openAltaShopPage(Loginsteps.java:21)
	at âœ½.I open alta-shop.vercel.app(file:///C:/Users/user/Documents/GitHub/Mini-Project_IjlalGhozaPutra/Mini%20Project_Automation_Web/Mini%20Project_Automation_Web/src/test/resources/features/register.feature:45)
Caused by: net.thucydides.core.webdriver.DriverConfigurationError: WebDriver was unable to create a new instance of type class org.openqa.selenium.chrome.ChromeDriver
WebDriver reported the following message: Could not start a new session. Response code 500. Message: session not created: This version of ChromeDriver only supports Chrome version 111
Current browser version is 113.0.5672.93 with binary path C:\Program Files (x86)\Google\Chrome\Application\chrome.exe 
Host info: host: 'DESKTOP-CNARK74', ip: '192.168.56.1'
Build info: version: '4.8.1', revision: '8ebccac989'
System info: os.name: 'Windows 10', os.arch: 'amd64', os.version: '10.0', java.version: '17.0.6'
Driver info: org.openqa.selenium.chrome.ChromeDriver
Command: [null, newSession {capabilities=[Capabilities {acceptInsecureCerts: false, browserName: chrome, goog:chromeOptions: {args: [remote-allow-origins=*], extensions: []}}], desiredCapabilities=Capabilities {acceptInsecureCerts: false, browserName: chrome, goog:chromeOptions: {args: [remote-allow-origins=*], extensions: []}}}]
See below for more details.
	at net.thucydides.core.webdriver.WebDriverFactory.newWebdriverInstance(WebDriverFactory.java:150)
	at net.thucydides.core.webdriver.WebDriverFacade.newDriverInstance(WebDriverFacade.java:161)
	at net.thucydides.core.webdriver.WebDriverFacade.newProxyDriver(WebDriverFacade.java:152)
	at net.thucydides.core.webdriver.WebDriverFacade.getProxiedDriver(WebDriverFacade.java:122)
	at net.thucydides.core.webdriver.WebDriverFacade.get(WebDriverFacade.java:192)
	at net.serenitybdd.core.pages.PageObject.openPageAtUrl(PageObject.java:982)
	at net.serenitybdd.core.pages.PageObject.open(PageObject.java:880)
	at net.serenitybdd.core.pages.PageObject.open(PageObject.java:868)
	at alta@1.0-SNAPSHOT/starter.Pages.Loginpages.openPage(Loginpages.java:40)
	at alta@1.0-SNAPSHOT/starter.Pages.Loginpages$ByteBuddy$41gtkC5K.openPage$accessor$JAuKnJDA(Unknown Source)
	at java.base/jdk.internal.reflect.NativeMethodAccessorImpl.invoke0(Native Method)
	at java.base/jdk.internal.reflect.NativeMethodAccessorImpl.invoke(NativeMethodAccessorImpl.java:77)
	at java.base/jdk.internal.reflect.DelegatingMethodAccessorImpl.invoke(DelegatingMethodAccessorImpl.java:43)
	at java.base/java.lang.reflect.Method.invoke(Method.java:568)
	at net.thucydides.core.steps.StepInterceptor.invokeMethod(StepInterceptor.java:518)
	at net.thucydides.core.steps.StepInterceptor.executeTestStepMethod(StepInterceptor.java:498)
	at net.thucydides.core.steps.StepInterceptor.runTestStep(StepInterceptor.java:472)
	at net.thucydides.core.steps.StepInterceptor.runOrSkipMethod(StepInterceptor.java:211)
	at net.thucydides.core.steps.StepInterceptor.testStepResult(StepInterceptor.java:198)
	at net.thucydides.core.steps.StepInterceptor.intercept(StepInterceptor.java:86)
	at net.thucydides.core.steps.ProxyConfiguration$InterceptorDispatcher.intercept(ProxyConfiguration.java:51)
	at alta@1.0-SNAPSHOT/starter.Pages.Loginpages$ByteBuddy$41gtkC5K.openPage(Unknown Source)
	at alta@1.0-SNAPSHOT/starter.Stepdefintion.Loginsteps.openAltaShopPage(Loginsteps.java:21)
	at java.base/jdk.internal.reflect.NativeMethodAccessorImpl.invoke0(Native Method)
	at java.base/jdk.internal.reflect.NativeMethodAccessorImpl.invoke(NativeMethodAccessorImpl.java:77)
	at java.base/jdk.internal.reflect.DelegatingMethodAccessorImpl.invoke(DelegatingMethodAccessorImpl.java:43)
	at java.base/java.lang.reflect.Method.invoke(Method.java:568)
	at io.cucumber.java.Invoker.doInvoke(Invoker.java:66)
	at io.cucumber.java.Invoker.invoke(Invoker.java:24)
	at io.cucumber.java.AbstractGlueDefinition.invokeMethod(AbstractGlueDefinition.java:47)
	at io.cucumber.java.JavaStepDefinition.execute(JavaStepDefinition.java:29)
	at io.cucumber.core.runner.CoreStepDefinition.execute(CoreStepDefinition.java:66)
	at io.cucumber.core.runner.PickleStepDefinitionMatch.runStep(PickleStepDefinitionMatch.java:63)
	at io.cucumber.core.runner.ExecutionMode$1.execute(ExecutionMode.java:10)
	at io.cucumber.core.runner.TestStep.executeStep(TestStep.java:84)
	at io.cucumber.core.runner.TestStep.run(TestStep.java:56)
	at io.cucumber.core.runner.PickleStepTestStep.run(PickleStepTestStep.java:51)
	at io.cucumber.core.runner.TestCase.run(TestCase.java:84)
	at io.cucumber.core.runner.Runner.runPickle(Runner.java:75)
	at io.cucumber.junit.PickleRunners$NoStepDescriptions.lambda$run$0(PickleRunners.java:151)
	at io.cucumber.core.runtime.CucumberExecutionContext.lambda$runTestCase$5(CucumberExecutionContext.java:130)
	at io.cucumber.core.runtime.RethrowingThrowableCollector.executeAndThrow(RethrowingThrowableCollector.java:23)
	at io.cucumber.core.runtime.CucumberExecutionContext.runTestCase(CucumberExecutionContext.java:130)
	at io.cucumber.junit.PickleRunners$NoStepDescriptions.run(PickleRunners.java:148)
	at io.cucumber.junit.FeatureRunner.runChild(FeatureRunner.java:144)
	at io.cucumber.junit.FeatureRunner.runChild(FeatureRunner.java:28)
	at org.junit.runners.ParentRunner$4.run(ParentRunner.java:331)
	at org.junit.runners.ParentRunner$1.schedule(ParentRunner.java:79)
	at org.junit.runners.ParentRunner.runChildren(ParentRunner.java:329)
	at org.junit.runners.ParentRunner.access$100(ParentRunner.java:66)
	at org.junit.runners.ParentRunner$2.evaluate(ParentRunner.java:293)
	at org.junit.runners.ParentRunner$3.evaluate(ParentRunner.java:306)
	at org.junit.runners.ParentRunner.run(ParentRunner.java:413)
	at io.cucumber.junit.FeatureRunner.run(FeatureRunner.java:137)
	at io.cucumber.junit.CucumberSerenityBaseRunner.runChild(CucumberSerenityBaseRunner.java:330)
	at io.cucumber.junit.CucumberSerenityBaseRunner.runChild(CucumberSerenityBaseRunner.java:51)
	at org.junit.runners.ParentRunner$4.run(ParentRunner.java:331)
	at org.junit.runners.ParentRunner$1.schedule(ParentRunner.java:79)
	at org.junit.runners.ParentRunner.runChildren(ParentRunner.java:329)
	at org.junit.runners.ParentRunner.access$100(ParentRunner.java:66)
	at org.junit.runners.ParentRunner$2.evaluate(ParentRunner.java:293)
	at io.cucumber.junit.CucumberSerenityBaseRunner$RunCucumber.evaluate(CucumberSerenityBaseRunner.java:361)
	at org.junit.runners.ParentRunner$3.evaluate(ParentRunner.java:306)
	at org.junit.runners.ParentRunner.run(ParentRunner.java:413)
	at org.junit.runner.JUnitCore.run(JUnitCore.java:137)
	at org.junit.runner.JUnitCore.run(JUnitCore.java:115)
	at org.junit.vintage.engine.execution.RunnerExecutor.execute(RunnerExecutor.java:42)
	at org.junit.vintage.engine.VintageTestEngine.executeAllChildren(VintageTestEngine.java:80)
	at org.junit.vintage.engine.VintageTestEngine.execute(VintageTestEngine.java:72)
	at org.junit.platform.launcher.core.EngineExecutionOrchestrator.execute(EngineExecutionOrchestrator.java:107)
	at org.junit.platform.launcher.core.EngineExecutionOrchestrator.execute(EngineExecutionOrchestrator.java:88)
	at org.junit.platform.launcher.core.EngineExecutionOrchestrator.lambda$execute$0(EngineExecutionOrchestrator.java:54)
	at org.junit.platform.launcher.core.EngineExecutionOrchestrator.withInterceptedStreams(EngineExecutionOrchestrator.java:67)
	at org.junit.platform.launcher.core.EngineExecutionOrchestrator.execute(EngineExecutionOrchestrator.java:52)
	at org.junit.platform.launcher.core.DefaultLauncher.execute(DefaultLauncher.java:114)
	at org.junit.platform.launcher.core.DefaultLauncher.execute(DefaultLauncher.java:86)
	at org.junit.platform.launcher.core.DefaultLauncherSession$DelegatingLauncher.execute(DefaultLauncherSession.java:86)
	at org.junit.platform.launcher.core.SessionPerRequestLauncher.execute(SessionPerRequestLauncher.java:53)
	at org.apache.maven.surefire.junitplatform.JUnitPlatformProvider.execute(JUnitPlatformProvider.java:188)
	at org.apache.maven.surefire.junitplatform.JUnitPlatformProvider.invokeAllTests(JUnitPlatformProvider.java:154)
	at org.apache.maven.surefire.junitplatform.JUnitPlatformProvider.invoke(JUnitPlatformProvider.java:128)
	at org.apache.maven.surefire.booter.ForkedBooter.runSuitesInProcess(ForkedBooter.java:428)
	at org.apache.maven.surefire.booter.ForkedBooter.execute(ForkedBooter.java:162)
	at org.apache.maven.surefire.booter.ForkedBooter.run(ForkedBooter.java:562)
	at org.apache.maven.surefire.booter.ForkedBooter.main(ForkedBooter.java:548)
Caused by: org.openqa.selenium.SessionNotCreatedException: Could not start a new session. Response code 500. Message: session not created: This version of ChromeDriver only supports Chrome version 111
Current browser version is 113.0.5672.93 with binary path C:\Program Files (x86)\Google\Chrome\Application\chrome.exe 
Host info: host: 'DESKTOP-CNARK74', ip: '192.168.56.1'
Build info: version: '4.8.1', revision: '8ebccac989'
System info: os.name: 'Windows 10', os.arch: 'amd64', os.version: '10.0', java.version: '17.0.6'
Driver info: org.openqa.selenium.chrome.ChromeDriver
Command: [null, newSession {capabilities=[Capabilities {acceptInsecureCerts: false, browserName: chrome, goog:chromeOptions: {args: [remote-allow-origins=*], extensions: []}}], desiredCapabilities=Capabilities {acceptInsecureCerts: false, browserName: chrome, goog:chromeOptions: {args: [remote-allow-origins=*], extensions: []}}}]
	at org.openqa.selenium.remote.ProtocolHandshake.createSession(ProtocolHandshake.java:148)
	at org.openqa.selenium.remote.ProtocolHandshake.createSession(ProtocolHandshake.java:106)
	at org.openqa.selenium.remote.ProtocolHandshake.createSession(ProtocolHandshake.java:67)
	at org.openqa.selenium.remote.HttpCommandExecutor.execute(HttpCommandExecutor.java:156)
	at org.openqa.selenium.remote.service.DriverCommandExecutor.invokeExecute(DriverCommandExecutor.java:167)
	at org.openqa.selenium.remote.service.DriverCommandExecutor.execute(DriverCommandExecutor.java:142)
	at org.openqa.selenium.remote.RemoteWebDriver.execute(RemoteWebDriver.java:543)
	at org.openqa.selenium.remote.RemoteWebDriver.startSession(RemoteWebDriver.java:229)
	at org.openqa.selenium.remote.RemoteWebDriver.<init>(RemoteWebDriver.java:157)
	at org.openqa.selenium.chromium.ChromiumDriver.<init>(ChromiumDriver.java:101)
	at org.openqa.selenium.chrome.ChromeDriver.<init>(ChromeDriver.java:82)
	at org.openqa.selenium.chrome.ChromeDriver.<init>(ChromeDriver.java:71)
	at net.serenitybdd.core.webdriver.driverproviders.ChromeDriverProvider.newInstance(ChromeDriverProvider.java:73)
	at net.thucydides.core.webdriver.WebDriverFactory.createWebDriver(WebDriverFactory.java:162)
	at net.thucydides.core.webdriver.WebDriverFactory.newWebdriverInstance(WebDriverFactory.java:140)
	... 84 more
&amp#27;[0m
  &amp#27;[36mWhen &amp#27;[0m&amp#27;[36mI click login field&amp#27;[0m                 &amp#27;[90m# starter.Stepdefintion.Loginsteps.clickLoginField()&amp#27;[0m
  &amp#27;[36mAnd &amp#27;[0m&amp#27;[36mI click register field&amp#27;[0m               &amp#27;[90m# starter.Stepdefintion.Registersteps.clickRegisterFiel()&amp#27;[0m
  &amp#27;[36mAnd &amp#27;[0m&amp#27;[36mI on the register page&amp#27;[0m               &amp#27;[90m# starter.Stepdefintion.Registersteps.onTheRegisterPage()&amp#27;[0m
  &amp#27;[36mAnd &amp#27;[0m&amp#27;[36mI input new username1&amp#27;[0m                &amp#27;[90m# starter.Stepdefintion.Registersteps.inputnewUername1()&amp#27;[0m
  &amp#27;[36mAnd &amp#27;[0m&amp#27;[36mI input exist email&amp#27;[0m                  &amp#27;[90m# starter.Stepdefintion.Registersteps.inputExistEmail()&amp#27;[0m
  &amp#27;[36mAnd &amp#27;[0m&amp#27;[36mI input new password1&amp#27;[0m                &amp#27;[90m# starter.Stepdefintion.Registersteps.inputNewPassword1()&amp#27;[0m
  &amp#27;[36mAnd &amp#27;[0m&amp#27;[36mI click register button&amp#27;[0m              &amp#27;[90m# starter.Stepdefintion.Registersteps.clickRegisterButton()&amp#27;[0m
  &amp#27;[36mThen &amp#27;[0m&amp#27;[36mI can't regist account&amp#27;[0m              &amp#27;[90m# starter.Stepdefintion.Registersteps.cantRegistAccount()&amp#27;[0m
22:01:23.251 [main] ERROR  - 
  _____   ___   ___   _____     ___   ___   ___    ___    ___ 
 |_   _| | __| / __| |_   _|   | __| | _ \ | _ \  / _ \  | _ \
   | |   | _|  \__ \   | |     | _|  |   / |   / | (_) | |   /
   |_|   |___| |___/   |_|     |___| |_|_\ |_|_\  \___/  |_|_\

I want register Altashop account
---------------------------------------------------------------
22:01:23.251 [main] DEBUG  - RELATED ISSUES: 
22:01:23.252 [main] ERROR  -     Test failed at step: Open page
22:01:23.252 [main] ERROR  -     Could not instantiate class org.openqa.selenium.chrome.ChromeDriver
]]></system-out>
    <system-err><![CDATA[Starting ChromeDriver 111.0.5563.64 (c710e93d5b63b7095afe8c2c17df34408078439d-refs/branch-heads/5563@{#995}) on port 48868
Only local connections are allowed.
Please see https://chromedriver.chromium.org/security-considerations for suggestions on keeping ChromeDriver safe.
ChromeDriver was started successfully.
]]></system-err>
  </testcase>
  <testcase name="I want to see my transaction with login account" classname="I want to see transaction" time="0.44">
    <system-out><![CDATA[22:01:23.260 [main] DEBUG io.cucumber.core.plugin.SerenityReporter - Running feature from file:///C:/Users/user/Documents/GitHub/Mini-Project_IjlalGhozaPutra/Mini%20Project_Automation_Web/Mini%20Project_Automation_Web/src/test/resources/features/transaction.feature
22:01:23.266 [main] DEBUG net.thucydides.core.steps.StepEventBus - Test suite started for story net.thucydides.core.model.Story@60e806bb
22:01:23.267 [main] INFO  - Test Suite Started: I want to see transaction

Scenario: I want to see my transaction with login account &amp#27;[90m# src/test/resources/features/transaction.feature:2&amp#27;[0m
22:01:23.278 [main] DEBUG io.cucumber.core.plugin.SerenityReporter - Running feature from file:///C:/Users/user/Documents/GitHub/Mini-Project_IjlalGhozaPutra/Mini%20Project_Automation_Web/Mini%20Project_Automation_Web/src/test/resources/features/transaction.feature
22:01:23.284 [main] INFO  - 
  _____   ___   ___   _____     ___   _____     _     ___   _____   ___   ___  
 |_   _| | __| / __| |_   _|   / __| |_   _|   /_\   | _ \ |_   _| | __| |   \ 
   | |   | _|  \__ \   | |     \__ \   | |    / _ \  |   /   | |   | _|  | |) |
   |_|   |___| |___/   |_|     |___/   |_|   /_/ \_\ |_|_\   |_|   |___| |___/ 

I want to see my transaction with login account(i-want-to-see-transaction;i-want-to-see-my-transaction-with-login-account)
--------------------------------------------------------------------------------
22:01:23.347 [main] DEBUG net.thucydides.core.steps.StepInterceptor - STARTING STEP: Cartsteps.openAndLoginAltashopAccount - validateOnTheHomepage
22:01:23.350 [main] DEBUG net.thucydides.core.steps.StepInterceptor - STEP DONE: validateOnTheHomepage
  &amp#27;[32mGiven &amp#27;[0m&amp#27;[32mI open and login altahsop account&amp#27;[0m                 &amp#27;[90m# starter.Stepdefintion.Cartsteps.openAndLoginAltashopAccount()&amp#27;[0m
22:01:23.388 [main] DEBUG net.thucydides.core.steps.StepInterceptor - STARTING STEP: Logoutsteps.clickUserButton - clickUserButtun
22:01:23.398 [main] DEBUG net.thucydides.core.steps.StepInterceptor - STEP DONE: clickUserButtun
  &amp#27;[32mWhen &amp#27;[0m&amp#27;[32mI click user button&amp#27;[0m                                &amp#27;[90m# starter.Stepdefintion.Logoutsteps.clickUserButton()&amp#27;[0m
22:01:23.613 [AsyncHttpClient-1-1] DEBUG org.asynchttpclient.netty.channel.DefaultChannelPool - Entry count for : http://localhost:48868 : 1
22:01:23.614 [AsyncHttpClient-1-1] DEBUG org.asynchttpclient.netty.channel.DefaultChannelPool - Adding Candidate expired Channel [id: 0x404b5796, L:/127.0.0.1:52214 ! R:localhost/127.0.0.1:48868] isIdleTimeoutExpired=false isRemotelyClosed=true isTtlExpired=false
22:01:23.614 [AsyncHttpClient-1-1] DEBUG org.asynchttpclient.netty.channel.DefaultChannelPool - Closing Idle Channel [id: 0x404b5796, L:/127.0.0.1:52214 ! R:localhost/127.0.0.1:48868]
22:01:23.614 [AsyncHttpClient-1-1] DEBUG org.asynchttpclient.netty.channel.DefaultChannelPool - Closed 1 connections out of 1 in 0 ms
22:01:23.667 [main] DEBUG net.thucydides.core.steps.StepInterceptor - STARTING STEP: Transactionsteps.clickTransactionButton - clickTransactionButton
22:01:23.679 [main] DEBUG net.thucydides.core.steps.StepInterceptor - STEP DONE: clickTransactionButton
  &amp#27;[32mAnd &amp#27;[0m&amp#27;[32mI click transaction button&amp#27;[0m                          &amp#27;[90m# starter.Stepdefintion.Transactionsteps.clickTransactionButton()&amp#27;[0m
22:01:23.694 [main] DEBUG net.thucydides.core.steps.StepInterceptor - STARTING STEP: Transactionsteps.onTheTrasantionPage - validateTransactionPage
22:01:23.698 [main] DEBUG net.thucydides.core.steps.StepInterceptor - STEP DONE: validateTransactionPage
  &amp#27;[32mThen &amp#27;[0m&amp#27;[32mI on the transaction page&amp#27;[0m                          &amp#27;[90m# starter.Stepdefintion.Transactionsteps.onTheTrasantionPage()&amp#27;[0m
22:01:23.705 [main] INFO  - 
  _____   ___   ___   _____     ___     _     ___   ___   ___   ___  
 |_   _| | __| / __| |_   _|   | _ \   /_\   / __| / __| | __| |   \ 
   | |   | _|  \__ \   | |     |  _/  / _ \  \__ \ \__ \ | _|  | |) |
   |_|   |___| |___/   |_|     |_|   /_/ \_\ |___/ |___/ |___| |___/ 

I want to see my transaction with login account
----------------------------------------------------------------------
]]></system-out>
  </testcase>
</testsuite>